#
# There is insufficient memory for the Java Runtime Environment to continue.
# Native memory allocation (mmap) failed to map 123731968 bytes for G1 virtual space
# Possible reasons:
#   The system is out of physical RAM or swap space
#   The process is running with CompressedOops enabled, and the Java Heap may be blocking the growth of the native heap
# Possible solutions:
#   Reduce memory load on the system
#   Increase physical memory or swap space
#   Check if swap backing store is full
#   Decrease Java heap size (-Xmx/-Xms)
#   Decrease number of Java threads
#   Decrease Java thread stack sizes (-Xss)
#   Set larger code cache with -XX:ReservedCodeCacheSize=
#   JVM is running with Unscaled Compressed Oops mode in which the Java heap is
#     placed in the first 4GB address space. The Java Heap base address is the
#     maximum limit for the native heap growth. Please use -XX:HeapBaseMinAddress
#     to set the Java Heap base and to place the Java Heap above 4GB virtual address.
# This output file may be truncated or incomplete.
#
#  Out of Memory Error (os_windows.cpp:3527), pid=21020, tid=29308
#
# JRE version:  (19.0.1+10) (build )
# Java VM: Java HotSpot(TM) 64-Bit Server VM (19.0.1+10-21, mixed mode, sharing, tiered, compressed oops, compressed class ptrs, g1 gc, windows-amd64)
# No core dump will be written. Minidumps are not enabled by default on client versions of Windows
#

---------------  S U M M A R Y ------------

Command Line: -Dfile.encoding=UTF-8 --module-path=D:\Java Practical 2.0\Electricity Billing System\build\classes electricity.billing.system.Login

Host: AMD Ryzen 5 5600H with Radeon Graphics         , 12 cores, 7G,  Windows 11 , 64 bit Build 22621 (10.0.22621.755)
Time: Fri Dec  2 00:47:04 2022 India Standard Time elapsed time: 0.057503 seconds (0d 0h 0m 0s)

---------------  T H R E A D  ---------------

Current thread (0x00000271335496b0):  JavaThread "Unknown thread" [_thread_in_vm, id=29308, stack(0x000000e530400000,0x000000e530500000)]

Stack: [0x000000e530400000,0x000000e530500000]
Native frames: (J=compiled Java code, j=interpreted, Vv=VM code, C=native code)
V  [jvm.dll+0x6ee8fa]
V  [jvm.dll+0x857a1e]
V  [jvm.dll+0x85940e]
V  [jvm.dll+0x859ac3]
V  [jvm.dll+0x28291f]
V  [jvm.dll+0x6eb6e9]
V  [jvm.dll+0x6e028a]
V  [jvm.dll+0x357136]
V  [jvm.dll+0x35eb96]
V  [jvm.dll+0x3b555e]
V  [jvm.dll+0x3b578f]
V  [jvm.dll+0x32c6ea]
V  [jvm.dll+0x32d59e]
V  [jvm.dll+0x821b20]
V  [jvm.dll+0x3c27c1]
V  [jvm.dll+0x8022f1]
V  [jvm.dll+0x44b30f]
V  [jvm.dll+0x44cc91]
C  [jli.dll+0x5287]
C  [ucrtbase.dll+0x29363]
C  [KERNEL32.DLL+0x1244d]
C  [ntdll.dll+0x5dfb8]


---------------  P R O C E S S  ---------------

Threads class SMR info:
_java_thread_list=0x00007ffdf487d048, length=0, elements={
}

Java Threads: ( => current thread )

Other Threads:
  0x00000271335a4b50 WorkerThread "GC Thread#0" [stack: 0x000000e530500000,0x000000e530600000] [id=33504]
  0x00000271335b4400 ConcurrentGCThread "G1 Main Marker" [stack: 0x000000e530600000,0x000000e530700000] [id=30876]
  0x00000271335b5f50 WorkerThread "G1 Conc#0" [stack: 0x000000e530700000,0x000000e530800000] [id=29040]

[error occurred during error reporting (printing all threads), id 0xc0000005, EXCEPTION_ACCESS_VIOLATION (0xc0000005) at pc=0x00007ffdf403d127]

VM state: not at safepoint (not fully initialized)

VM Mutex/Monitor currently owned by a thread:  ([mutex/lock_event])
[0x0000027133545660] Heap_lock - owner thread: 0x00000271335496b0

Heap address: 0x000000008a600000, size: 1882 MB, Compressed Oops mode: 32-bit

CDS archive(s) mapped at: [0x0000000000000000-0x0000000000000000-0x0000000000000000), size 0, SharedBaseAddress: 0x0000000800000000, ArchiveRelocationMode: 0.
Narrow klass base: 0x0000000000000000, Narrow klass shift: 0, Narrow klass range: 0x0

GC Precious Log:
 CardTable entry size: 512
 Card Set container configuration: InlinePtr #cards 5 size 8 Array Of Cards #cards 12 size 40 Howl #buckets 4 coarsen threshold 1843 Howl Bitmap #cards 512 size 80 coarsen threshold 460 Card regions per heap region 1 cards per card region 2048

Heap:
 garbage-first heap   total 0K, used 0K [0x000000008a600000, 0x0000000100000000)
  region size 1024K, 0 young (0K), 0 survivors (0K)

[error occurred during error reporting (printing heap information), id 0xc0000005, EXCEPTION_ACCESS_VIOLATION (0xc0000005) at pc=0x00007ffdf4446959]

GC Heap History (0 events):
No events

Dll operation events (1 events):
Event: 0.051 Loaded shared library C:\Program Files\Java\jdk-19\bin\java.dll

Deoptimization events (0 events):
No events

Classes loaded (0 events):
No events

Classes unloaded (0 events):
No events

Classes redefined (0 events):
No events

Internal exceptions (0 events):
No events

VM Operations (0 events):
No events

Events (0 events):
No events


Dynamic libraries:
0x00007ff6350f0000 - 0x00007ff635100000 	C:\Program Files\Java\jdk-19\bin\java.exe
0x00007ffe7bdd0000 - 0x00007ffe7bfe4000 	C:\WINDOWS\SYSTEM32\ntdll.dll
0x00007ffe7a8a0000 - 0x00007ffe7a962000 	C:\WINDOWS\System32\KERNEL32.DLL
0x00007ffe79230000 - 0x00007ffe795cd000 	C:\WINDOWS\System32\KERNELBASE.dll
0x00007ffe79ab0000 - 0x00007ffe79bc1000 	C:\WINDOWS\System32\ucrtbase.dll
0x00007ffe5f730000 - 0x00007ffe5f74b000 	C:\Program Files\Java\jdk-19\bin\VCRUNTIME140.dll
0x00007ffe5b770000 - 0x00007ffe5b788000 	C:\Program Files\Java\jdk-19\bin\jli.dll
0x00007ffe7ab90000 - 0x00007ffe7ac3e000 	C:\WINDOWS\System32\ADVAPI32.dll
0x00007ffe7a470000 - 0x00007ffe7a517000 	C:\WINDOWS\System32\msvcrt.dll
0x00007ffe7a6c0000 - 0x00007ffe7a764000 	C:\WINDOWS\System32\sechost.dll
0x00007ffe79dd0000 - 0x00007ffe79ee5000 	C:\WINDOWS\System32\RPCRT4.dll
0x00007ffe7b920000 - 0x00007ffe7baca000 	C:\WINDOWS\System32\USER32.dll
0x00007ffe5d5f0000 - 0x00007ffe5d87e000 	C:\WINDOWS\WinSxS\amd64_microsoft.windows.common-controls_6595b64144ccf1df_6.0.22621.608_none_a9444ca7c10bb01d\COMCTL32.dll
0x00007ffe79200000 - 0x00007ffe79226000 	C:\WINDOWS\System32\win32u.dll
0x00007ffe7aa60000 - 0x00007ffe7aa89000 	C:\WINDOWS\System32\GDI32.dll
0x00007ffe79990000 - 0x00007ffe79aa2000 	C:\WINDOWS\System32\gdi32full.dll
0x00007ffe795d0000 - 0x00007ffe7966a000 	C:\WINDOWS\System32\msvcp_win.dll
0x00007ffe72ac0000 - 0x00007ffe72aca000 	C:\WINDOWS\SYSTEM32\VERSION.dll
0x00007ffe7a430000 - 0x00007ffe7a462000 	C:\WINDOWS\System32\IMM32.DLL
0x00007ffe6fe40000 - 0x00007ffe6fe4c000 	C:\Program Files\Java\jdk-19\bin\vcruntime140_1.dll
0x00007ffe33020000 - 0x00007ffe330ae000 	C:\Program Files\Java\jdk-19\bin\msvcp140.dll
0x00007ffdf3d00000 - 0x00007ffdf49c0000 	C:\Program Files\Java\jdk-19\bin\server\jvm.dll
0x00007ffe702f0000 - 0x00007ffe702f9000 	C:\WINDOWS\SYSTEM32\WSOCK32.dll
0x00007ffe72a80000 - 0x00007ffe72ab4000 	C:\WINDOWS\SYSTEM32\WINMM.dll
0x00007ffe7a7c0000 - 0x00007ffe7a831000 	C:\WINDOWS\System32\WS2_32.dll
0x00007ffe78230000 - 0x00007ffe78248000 	C:\WINDOWS\SYSTEM32\kernel.appcore.dll
0x00007ffe6e640000 - 0x00007ffe6e64a000 	C:\Program Files\Java\jdk-19\bin\jimage.dll
0x00007ffe707c0000 - 0x00007ffe709ee000 	C:\WINDOWS\SYSTEM32\DBGHELP.DLL
0x00007ffe7b430000 - 0x00007ffe7b7ba000 	C:\WINDOWS\System32\combase.dll
0x00007ffe7a970000 - 0x00007ffe7aa47000 	C:\WINDOWS\System32\OLEAUT32.dll
0x00007ffe70780000 - 0x00007ffe707b2000 	C:\WINDOWS\SYSTEM32\dbgcore.DLL
0x00007ffe79910000 - 0x00007ffe7998b000 	C:\WINDOWS\System32\bcryptPrimitives.dll
0x00007ffe5b700000 - 0x00007ffe5b726000 	C:\Program Files\Java\jdk-19\bin\java.dll

dbghelp: loaded successfully - version: 4.0.5 - missing functions: none
symbol engine: initialized successfully - sym options: 0x614 - pdb path: .;C:\Program Files\Java\jdk-19\bin;C:\WINDOWS\SYSTEM32;C:\WINDOWS\WinSxS\amd64_microsoft.windows.common-controls_6595b64144ccf1df_6.0.22621.608_none_a9444ca7c10bb01d;C:\Program Files\Java\jdk-19\bin\server

VM Arguments:
jvm_args: -Dfile.encoding=UTF-8 --module-path=D:\Java Practical 2.0\Electricity Billing System\build\classes 
java_command: electricity.billing.system.Login
java_class_path (initial): D:\Java Practical 2.0\Electricity Billing System\build\classes
Launcher Type: SUN_STANDARD

[Global flags]
     intx CICompilerCount                          = 4                                         {product} {ergonomic}
     uint ConcGCThreads                            = 3                                         {product} {ergonomic}
     uint G1ConcRefinementThreads                  = 10                                        {product} {ergonomic}
   size_t G1HeapRegionSize                         = 1048576                                   {product} {ergonomic}
    uintx GCDrainStackTargetSize                   = 64                                        {product} {ergonomic}
   size_t InitialHeapSize                          = 123731968                                 {product} {ergonomic}
   size_t MarkStackSize                            = 4194304                                   {product} {ergonomic}
   size_t MaxHeapSize                              = 1973420032                                {product} {ergonomic}
   size_t MinHeapDeltaBytes                        = 1048576                                   {product} {ergonomic}
   size_t MinHeapSize                              = 8388608                                   {product} {ergonomic}
    uintx NonNMethodCodeHeapSize                   = 5839372                                {pd product} {ergonomic}
    uintx NonProfiledCodeHeapSize                  = 122909434                              {pd product} {ergonomic}
    uintx ProfiledCodeHeapSize                     = 122909434                              {pd product} {ergonomic}
    uintx ReservedCodeCacheSize                    = 251658240                              {pd product} {ergonomic}
     bool SegmentedCodeCache                       = true                                      {product} {ergonomic}
   size_t SoftMaxHeapSize                          = 1973420032                             {manageable} {ergonomic}
     bool UseCompressedClassPointers               = true                           {product lp64_product} {ergonomic}
     bool UseCompressedOops                        = true                           {product lp64_product} {ergonomic}
     bool UseG1GC                                  = true                                      {product} {ergonomic}
     bool UseLargePagesIndividualAllocation        = false                                  {pd product} {ergonomic}

Logging:
Log output configuration:
 #0: stdout all=warning uptime,level,tags foldmultilines=false
 #1: stderr all=off uptime,level,tags foldmultilines=false

Environment Variables:
PATH=C:\Program Files\Common Files\Oracle\Java\javapath;C:\Program Files (x86)\Common Files\Oracle\Java\javapath;C:\windows\system32;C:\windows;C:\windows\System32\Wbem;C:\windows\System32\WindowsPowerShell\v1.0\;C:\windows\System32\OpenSSH\;C:\Program Files (x86)\NVIDIA Corporation\PhysX\Common;C:\Program Files\NVIDIA Corporation\NVIDIA NvDLISR;C:\WINDOWS\system32;C:\WINDOWS;C:\WINDOWS\System32\Wbem;C:\WINDOWS\System32\WindowsPowerShell\v1.0\;C:\WINDOWS\System32\OpenSSH\;C:\Program Files (x86)\HP\Common\HPDestPlgIn\;C:\WINDOWS\system32;C:\WINDOWS;C:\WINDOWS\System32\Wbem;C:\WINDOWS\System32\WindowsPowerShell\v1.0\;C:\WINDOWS\System32\OpenSSH\;C:\Program Files\MySQL\MySQL Shell 8.0\bin\;C:\Program Files\Java\jdk1.8.0_202\bin;C:\Users\chede appliances\AppData\Local\Microsoft\WindowsApps;
USERNAME=Pratik Dhokne
OS=Windows_NT
PROCESSOR_IDENTIFIER=AMD64 Family 25 Model 80 Stepping 0, AuthenticAMD
TMP=C:\Users\chede appliances\AppData\Local\Temp
TEMP=C:\Users\chede appliances\AppData\Local\Temp



---------------  S Y S T E M  ---------------

OS:
 Windows 11 , 64 bit Build 22621 (10.0.22621.755)
OS uptime: 0 days 5:36 hours
Hyper-V role detected

CPU: total 12 (initial active 12) (12 cores per cpu, 2 threads per core) family 25 model 80 stepping 0 microcode 0x0, cx8, cmov, fxsr, ht, mmx, 3dnowpref, sse, sse2, sse3, ssse3, sse4a, sse4.1, sse4.2, popcnt, lzcnt, tsc, tscinvbit, avx, avx2, aes, erms, clmul, bmi1, bmi2, adx, sha, fma, vzeroupper, clflush, clflushopt, hv, rdtscp, rdpid, fsrm

Memory: 4k page, system-wide physical 7524M (934M free)
TotalPageFile size 31076M (AvailPageFile size 102M)
current process WorkingSet (physical memory assigned to process): 11M, peak: 11M
current process commit charge ("private bytes"): 64M, peak: 182M

vm_info: Java HotSpot(TM) 64-Bit Server VM (19.0.1+10-21) for windows-amd64 JRE (19.0.1+10-21), built on 2022-09-14T12:45:06Z by "mach5one" with MS VC++ 17.1 (VS2022)

END.
