#
# There is insufficient memory for the Java Runtime Environment to continue.
# Native memory allocation (mmap) failed to map 65536 bytes for Failed to commit metaspace.
# Possible reasons:
#   The system is out of physical RAM or swap space
#   The process is running with CompressedOops enabled, and the Java Heap may be blocking the growth of the native heap
# Possible solutions:
#   Reduce memory load on the system
#   Increase physical memory or swap space
#   Check if swap backing store is full
#   Decrease Java heap size (-Xmx/-Xms)
#   Decrease number of Java threads
#   Decrease Java thread stack sizes (-Xss)
#   Set larger code cache with -XX:ReservedCodeCacheSize=
#   JVM is running with Unscaled Compressed Oops mode in which the Java heap is
#     placed in the first 4GB address space. The Java Heap base address is the
#     maximum limit for the native heap growth. Please use -XX:HeapBaseMinAddress
#     to set the Java Heap base and to place the Java Heap above 4GB virtual address.
# This output file may be truncated or incomplete.
#
#  Out of Memory Error (virtualSpaceNode.cpp:110), pid=26500, tid=30872
#
# JRE version: Java(TM) SE Runtime Environment (19.0.1+10) (build 19.0.1+10-21)
# Java VM: Java HotSpot(TM) 64-Bit Server VM (19.0.1+10-21, mixed mode, sharing, tiered, compressed oops, compressed class ptrs, g1 gc, windows-amd64)
# No core dump will be written. Minidumps are not enabled by default on client versions of Windows
#

---------------  S U M M A R Y ------------

Command Line: -Dfile.encoding=UTF-8 --module-path=D:\Java Practical 2.0\Electricity Billing System\build\classes electricity.billing.system.Signup

Host: AMD Ryzen 5 5600H with Radeon Graphics         , 12 cores, 7G,  Windows 11 , 64 bit Build 22621 (10.0.22621.755)
Time: Fri Dec  2 00:51:05 2022 India Standard Time elapsed time: 2174.324723 seconds (0d 0h 36m 14s)

---------------  T H R E A D  ---------------

Current thread (0x0000014f36014860):  JavaThread "C1 CompilerThread0" daemon [_thread_in_vm, id=30872, stack(0x0000002950b00000,0x0000002950c00000)]


Current CompileTask:
C1:2174324  860       3       jdk.internal.org.objectweb.asm.MethodWriter::visitMaxs (60 bytes)

Stack: [0x0000002950b00000,0x0000002950c00000]
Native frames: (J=compiled Java code, j=interpreted, Vv=VM code, C=native code)
V  [jvm.dll+0x6ee8fa]
V  [jvm.dll+0x857a1e]
V  [jvm.dll+0x85940e]
V  [jvm.dll+0x859ac3]
V  [jvm.dll+0x28291f]
V  [jvm.dll+0x85369b]
V  [jvm.dll+0x693276]
V  [jvm.dll+0x6932da]
V  [jvm.dll+0x695bd3]
V  [jvm.dll+0x695a9e]
V  [jvm.dll+0x693c9e]
V  [jvm.dll+0x6a557a]
V  [jvm.dll+0x69e54a]
V  [jvm.dll+0x2002f0]
V  [jvm.dll+0x2004d8]
V  [jvm.dll+0x160f1e]
V  [jvm.dll+0x161278]
V  [jvm.dll+0x1606d6]
V  [jvm.dll+0x1623cd]
V  [jvm.dll+0x25b0fa]
V  [jvm.dll+0x259588]
V  [jvm.dll+0x807928]
V  [jvm.dll+0x8015fa]
V  [jvm.dll+0x6ed5eb]
C  [ucrtbase.dll+0x29363]
C  [KERNEL32.DLL+0x1244d]
C  [ntdll.dll+0x5dfb8]


---------------  P R O C E S S  ---------------

Threads class SMR info:
_java_thread_list=0x0000014f3b7649f0, length=17, elements={
0x0000014f35ff1fe0, 0x0000014f35ff2910, 0x0000014f35ff9650, 0x0000014f35ffd7b0,
0x0000014f360023e0, 0x0000014f360033d0, 0x0000014f36012ee0, 0x0000014f36014860,
0x0000014f36001e90, 0x0000014f36003e70, 0x0000014f36003920, 0x0000014f36002930,
0x0000014f36000950, 0x0000014f36000ea0, 0x0000014f36002e80, 0x0000014f360013f0,
0x0000014f36001940
}

Java Threads: ( => current thread )
  0x0000014f35ff1fe0 JavaThread "Reference Handler" daemon [_thread_blocked, id=2436, stack(0x0000002950400000,0x0000002950500000)]
  0x0000014f35ff2910 JavaThread "Finalizer" daemon [_thread_blocked, id=24472, stack(0x0000002950500000,0x0000002950600000)]
  0x0000014f35ff9650 JavaThread "Signal Dispatcher" daemon [_thread_blocked, id=28244, stack(0x0000002950600000,0x0000002950700000)]
  0x0000014f35ffd7b0 JavaThread "Attach Listener" daemon [_thread_blocked, id=26744, stack(0x0000002950700000,0x0000002950800000)]
  0x0000014f360023e0 JavaThread "Service Thread" daemon [_thread_blocked, id=29388, stack(0x0000002950800000,0x0000002950900000)]
  0x0000014f360033d0 JavaThread "Monitor Deflation Thread" daemon [_thread_blocked, id=30920, stack(0x0000002950900000,0x0000002950a00000)]
  0x0000014f36012ee0 JavaThread "C2 CompilerThread0" daemon [_thread_blocked, id=25220, stack(0x0000002950a00000,0x0000002950b00000)]
=>0x0000014f36014860 JavaThread "C1 CompilerThread0" daemon [_thread_in_vm, id=30872, stack(0x0000002950b00000,0x0000002950c00000)]
  0x0000014f36001e90 JavaThread "Sweeper thread" daemon [_thread_blocked, id=30616, stack(0x0000002950c00000,0x0000002950d00000)]
  0x0000014f36003e70 JavaThread "Common-Cleaner" daemon [_thread_blocked, id=31064, stack(0x0000002950d00000,0x0000002950e00000)]
  0x0000014f36003920 JavaThread "Notification Thread" daemon [_thread_blocked, id=20048, stack(0x0000002950e00000,0x0000002950f00000)]
  0x0000014f36002930 JavaThread "Java2D Disposer" daemon [_thread_blocked, id=31128, stack(0x0000002951000000,0x0000002951100000)]
  0x0000014f36000950 JavaThread "AWT-Shutdown" [_thread_blocked, id=20936, stack(0x0000002951100000,0x0000002951200000)]
  0x0000014f36000ea0 JavaThread "AWT-Windows" daemon [_thread_in_vm, id=30852, stack(0x0000002951200000,0x0000002951300000)]
  0x0000014f36002e80 JavaThread "AWT-EventQueue-0" [_thread_blocked, id=31400, stack(0x0000002951d00000,0x0000002951e00000)]
  0x0000014f360013f0 JavaThread "DestroyJavaVM" [_thread_blocked, id=31300, stack(0x000000294fd00000,0x000000294fe00000)]
  0x0000014f36001940 JavaThread "D3D Screen Updater" daemon [_thread_blocked, id=31208, stack(0x0000002951f00000,0x0000002952000000)]

Other Threads:
  0x0000014f35fd99c0 VMThread "VM Thread" [stack: 0x0000002950300000,0x0000002950400000] [id=17508]
  0x0000014f3a567690 WatcherThread "VM Periodic Task Thread" [stack: 0x0000002950f00000,0x0000002951000000] [id=12216]
  0x0000014f17963870 WorkerThread "GC Thread#0" [stack: 0x000000294fe00000,0x000000294ff00000] [id=16780]
  0x0000014f17973310 ConcurrentGCThread "G1 Main Marker" [stack: 0x000000294ff00000,0x0000002950000000] [id=30508]
  0x0000014f17976f60 WorkerThread "G1 Conc#0" [stack: 0x0000002950000000,0x0000002950100000] [id=28596]
  0x0000014f179ce9a0 ConcurrentGCThread "G1 Refine#0" [stack: 0x0000002950100000,0x0000002950200000] [id=17924]
  0x0000014f35e97900 ConcurrentGCThread "G1 Service" [stack: 0x0000002950200000,0x0000002950300000] [id=14912]

Threads with active compile tasks:
C1 CompilerThread0  2174387  860       3       jdk.internal.org.objectweb.asm.MethodWriter::visitMaxs (60 bytes)

VM state: not at safepoint (normal execution)

VM Mutex/Monitor currently owned by a thread:  ([mutex/lock_event])
[0x0000014f179023e0] Metaspace_lock - owner thread: 0x0000014f36014860
[0x0000014f17903870] MethodData_lock - owner thread: 0x0000014f36014860

Heap address: 0x000000008a600000, size: 1882 MB, Compressed Oops mode: 32-bit

CDS archive(s) mapped at: [0x0000000800000000-0x0000000800c40000-0x0000000800c40000), size 12845056, SharedBaseAddress: 0x0000000800000000, ArchiveRelocationMode: 0.
Compressed class space mapped at: 0x0000000801000000-0x0000000841000000, reserved size: 1073741824
Narrow klass base: 0x0000000800000000, Narrow klass shift: 0, Narrow klass range: 0x100000000

GC Precious Log:
 CardTable entry size: 512
 Card Set container configuration: InlinePtr #cards 5 size 8 Array Of Cards #cards 12 size 40 Howl #buckets 4 coarsen threshold 1843 Howl Bitmap #cards 512 size 80 coarsen threshold 460 Card regions per heap region 1 cards per card region 2048
 CPUs: 12 total, 12 available
 Memory: 7524M
 Large Page Support: Disabled
 NUMA Support: Disabled
 Compressed Oops: Enabled (32-bit)
 Heap Region Size: 1M
 Heap Min Capacity: 8M
 Heap Initial Capacity: 118M
 Heap Max Capacity: 1882M
 Pre-touch: Disabled
 Parallel Workers: 10
 Concurrent Workers: 3
 Concurrent Refinement Workers: 10
 Periodic GC: Disabled

Heap:
 garbage-first heap   total 120832K, used 8192K [0x000000008a600000, 0x0000000100000000)
  region size 1024K, 9 young (9216K), 0 survivors (0K)
 Metaspace       used 7678K, committed 7872K, reserved 1114112K
  class space    used 879K, committed 1024K, reserved 1048576K

Heap Regions: E=young(eden), S=young(survivor), O=old, HS=humongous(starts), HC=humongous(continues), CS=collection set, F=free, OA=open archive, CA=closed archive, TAMS=top-at-mark-start (previous, next)
|   0|0x000000008a600000, 0x000000008a600000, 0x000000008a700000|  0%| F|  |TAMS 0x000000008a600000, 0x000000008a600000| Untracked 
|   1|0x000000008a700000, 0x000000008a700000, 0x000000008a800000|  0%| F|  |TAMS 0x000000008a700000, 0x000000008a700000| Untracked 
|   2|0x000000008a800000, 0x000000008a800000, 0x000000008a900000|  0%| F|  |TAMS 0x000000008a800000, 0x000000008a800000| Untracked 
|   3|0x000000008a900000, 0x000000008a900000, 0x000000008aa00000|  0%| F|  |TAMS 0x000000008a900000, 0x000000008a900000| Untracked 
|   4|0x000000008aa00000, 0x000000008aa00000, 0x000000008ab00000|  0%| F|  |TAMS 0x000000008aa00000, 0x000000008aa00000| Untracked 
|   5|0x000000008ab00000, 0x000000008ab00000, 0x000000008ac00000|  0%| F|  |TAMS 0x000000008ab00000, 0x000000008ab00000| Untracked 
|   6|0x000000008ac00000, 0x000000008ac00000, 0x000000008ad00000|  0%| F|  |TAMS 0x000000008ac00000, 0x000000008ac00000| Untracked 
|   7|0x000000008ad00000, 0x000000008ad00000, 0x000000008ae00000|  0%| F|  |TAMS 0x000000008ad00000, 0x000000008ad00000| Untracked 
|   8|0x000000008ae00000, 0x000000008ae00000, 0x000000008af00000|  0%| F|  |TAMS 0x000000008ae00000, 0x000000008ae00000| Untracked 
|   9|0x000000008af00000, 0x000000008af00000, 0x000000008b000000|  0%| F|  |TAMS 0x000000008af00000, 0x000000008af00000| Untracked 
|  10|0x000000008b000000, 0x000000008b000000, 0x000000008b100000|  0%| F|  |TAMS 0x000000008b000000, 0x000000008b000000| Untracked 
|  11|0x000000008b100000, 0x000000008b100000, 0x000000008b200000|  0%| F|  |TAMS 0x000000008b100000, 0x000000008b100000| Untracked 
|  12|0x000000008b200000, 0x000000008b200000, 0x000000008b300000|  0%| F|  |TAMS 0x000000008b200000, 0x000000008b200000| Untracked 
|  13|0x000000008b300000, 0x000000008b300000, 0x000000008b400000|  0%| F|  |TAMS 0x000000008b300000, 0x000000008b300000| Untracked 
|  14|0x000000008b400000, 0x000000008b400000, 0x000000008b500000|  0%| F|  |TAMS 0x000000008b400000, 0x000000008b400000| Untracked 
|  15|0x000000008b500000, 0x000000008b500000, 0x000000008b600000|  0%| F|  |TAMS 0x000000008b500000, 0x000000008b500000| Untracked 
|  16|0x000000008b600000, 0x000000008b600000, 0x000000008b700000|  0%| F|  |TAMS 0x000000008b600000, 0x000000008b600000| Untracked 
|  17|0x000000008b700000, 0x000000008b700000, 0x000000008b800000|  0%| F|  |TAMS 0x000000008b700000, 0x000000008b700000| Untracked 
|  18|0x000000008b800000, 0x000000008b800000, 0x000000008b900000|  0%| F|  |TAMS 0x000000008b800000, 0x000000008b800000| Untracked 
|  19|0x000000008b900000, 0x000000008b900000, 0x000000008ba00000|  0%| F|  |TAMS 0x000000008b900000, 0x000000008b900000| Untracked 
|  20|0x000000008ba00000, 0x000000008ba00000, 0x000000008bb00000|  0%| F|  |TAMS 0x000000008ba00000, 0x000000008ba00000| Untracked 
|  21|0x000000008bb00000, 0x000000008bb00000, 0x000000008bc00000|  0%| F|  |TAMS 0x000000008bb00000, 0x000000008bb00000| Untracked 
|  22|0x000000008bc00000, 0x000000008bc00000, 0x000000008bd00000|  0%| F|  |TAMS 0x000000008bc00000, 0x000000008bc00000| Untracked 
|  23|0x000000008bd00000, 0x000000008bd00000, 0x000000008be00000|  0%| F|  |TAMS 0x000000008bd00000, 0x000000008bd00000| Untracked 
|  24|0x000000008be00000, 0x000000008be00000, 0x000000008bf00000|  0%| F|  |TAMS 0x000000008be00000, 0x000000008be00000| Untracked 
|  25|0x000000008bf00000, 0x000000008bf00000, 0x000000008c000000|  0%| F|  |TAMS 0x000000008bf00000, 0x000000008bf00000| Untracked 
|  26|0x000000008c000000, 0x000000008c000000, 0x000000008c100000|  0%| F|  |TAMS 0x000000008c000000, 0x000000008c000000| Untracked 
|  27|0x000000008c100000, 0x000000008c100000, 0x000000008c200000|  0%| F|  |TAMS 0x000000008c100000, 0x000000008c100000| Untracked 
|  28|0x000000008c200000, 0x000000008c200000, 0x000000008c300000|  0%| F|  |TAMS 0x000000008c200000, 0x000000008c200000| Untracked 
|  29|0x000000008c300000, 0x000000008c300000, 0x000000008c400000|  0%| F|  |TAMS 0x000000008c300000, 0x000000008c300000| Untracked 
|  30|0x000000008c400000, 0x000000008c400000, 0x000000008c500000|  0%| F|  |TAMS 0x000000008c400000, 0x000000008c400000| Untracked 
|  31|0x000000008c500000, 0x000000008c500000, 0x000000008c600000|  0%| F|  |TAMS 0x000000008c500000, 0x000000008c500000| Untracked 
|  32|0x000000008c600000, 0x000000008c600000, 0x000000008c700000|  0%| F|  |TAMS 0x000000008c600000, 0x000000008c600000| Untracked 
|  33|0x000000008c700000, 0x000000008c700000, 0x000000008c800000|  0%| F|  |TAMS 0x000000008c700000, 0x000000008c700000| Untracked 
|  34|0x000000008c800000, 0x000000008c800000, 0x000000008c900000|  0%| F|  |TAMS 0x000000008c800000, 0x000000008c800000| Untracked 
|  35|0x000000008c900000, 0x000000008c900000, 0x000000008ca00000|  0%| F|  |TAMS 0x000000008c900000, 0x000000008c900000| Untracked 
|  36|0x000000008ca00000, 0x000000008ca00000, 0x000000008cb00000|  0%| F|  |TAMS 0x000000008ca00000, 0x000000008ca00000| Untracked 
|  37|0x000000008cb00000, 0x000000008cb00000, 0x000000008cc00000|  0%| F|  |TAMS 0x000000008cb00000, 0x000000008cb00000| Untracked 
|  38|0x000000008cc00000, 0x000000008cc00000, 0x000000008cd00000|  0%| F|  |TAMS 0x000000008cc00000, 0x000000008cc00000| Untracked 
|  39|0x000000008cd00000, 0x000000008cd00000, 0x000000008ce00000|  0%| F|  |TAMS 0x000000008cd00000, 0x000000008cd00000| Untracked 
|  40|0x000000008ce00000, 0x000000008ce00000, 0x000000008cf00000|  0%| F|  |TAMS 0x000000008ce00000, 0x000000008ce00000| Untracked 
|  41|0x000000008cf00000, 0x000000008cf00000, 0x000000008d000000|  0%| F|  |TAMS 0x000000008cf00000, 0x000000008cf00000| Untracked 
|  42|0x000000008d000000, 0x000000008d000000, 0x000000008d100000|  0%| F|  |TAMS 0x000000008d000000, 0x000000008d000000| Untracked 
|  43|0x000000008d100000, 0x000000008d100000, 0x000000008d200000|  0%| F|  |TAMS 0x000000008d100000, 0x000000008d100000| Untracked 
|  44|0x000000008d200000, 0x000000008d200000, 0x000000008d300000|  0%| F|  |TAMS 0x000000008d200000, 0x000000008d200000| Untracked 
|  45|0x000000008d300000, 0x000000008d300000, 0x000000008d400000|  0%| F|  |TAMS 0x000000008d300000, 0x000000008d300000| Untracked 
|  46|0x000000008d400000, 0x000000008d400000, 0x000000008d500000|  0%| F|  |TAMS 0x000000008d400000, 0x000000008d400000| Untracked 
|  47|0x000000008d500000, 0x000000008d500000, 0x000000008d600000|  0%| F|  |TAMS 0x000000008d500000, 0x000000008d500000| Untracked 
|  48|0x000000008d600000, 0x000000008d600000, 0x000000008d700000|  0%| F|  |TAMS 0x000000008d600000, 0x000000008d600000| Untracked 
|  49|0x000000008d700000, 0x000000008d700000, 0x000000008d800000|  0%| F|  |TAMS 0x000000008d700000, 0x000000008d700000| Untracked 
|  50|0x000000008d800000, 0x000000008d800000, 0x000000008d900000|  0%| F|  |TAMS 0x000000008d800000, 0x000000008d800000| Untracked 
|  51|0x000000008d900000, 0x000000008d900000, 0x000000008da00000|  0%| F|  |TAMS 0x000000008d900000, 0x000000008d900000| Untracked 
|  52|0x000000008da00000, 0x000000008da00000, 0x000000008db00000|  0%| F|  |TAMS 0x000000008da00000, 0x000000008da00000| Untracked 
|  53|0x000000008db00000, 0x000000008db00000, 0x000000008dc00000|  0%| F|  |TAMS 0x000000008db00000, 0x000000008db00000| Untracked 
|  54|0x000000008dc00000, 0x000000008dc00000, 0x000000008dd00000|  0%| F|  |TAMS 0x000000008dc00000, 0x000000008dc00000| Untracked 
|  55|0x000000008dd00000, 0x000000008dd00000, 0x000000008de00000|  0%| F|  |TAMS 0x000000008dd00000, 0x000000008dd00000| Untracked 
|  56|0x000000008de00000, 0x000000008de00000, 0x000000008df00000|  0%| F|  |TAMS 0x000000008de00000, 0x000000008de00000| Untracked 
|  57|0x000000008df00000, 0x000000008df00000, 0x000000008e000000|  0%| F|  |TAMS 0x000000008df00000, 0x000000008df00000| Untracked 
|  58|0x000000008e000000, 0x000000008e000000, 0x000000008e100000|  0%| F|  |TAMS 0x000000008e000000, 0x000000008e000000| Untracked 
|  59|0x000000008e100000, 0x000000008e100000, 0x000000008e200000|  0%| F|  |TAMS 0x000000008e100000, 0x000000008e100000| Untracked 
|  60|0x000000008e200000, 0x000000008e200000, 0x000000008e300000|  0%| F|  |TAMS 0x000000008e200000, 0x000000008e200000| Untracked 
|  61|0x000000008e300000, 0x000000008e300000, 0x000000008e400000|  0%| F|  |TAMS 0x000000008e300000, 0x000000008e300000| Untracked 
|  62|0x000000008e400000, 0x000000008e400000, 0x000000008e500000|  0%| F|  |TAMS 0x000000008e400000, 0x000000008e400000| Untracked 
|  63|0x000000008e500000, 0x000000008e500000, 0x000000008e600000|  0%| F|  |TAMS 0x000000008e500000, 0x000000008e500000| Untracked 
|  64|0x000000008e600000, 0x000000008e600000, 0x000000008e700000|  0%| F|  |TAMS 0x000000008e600000, 0x000000008e600000| Untracked 
|  65|0x000000008e700000, 0x000000008e700000, 0x000000008e800000|  0%| F|  |TAMS 0x000000008e700000, 0x000000008e700000| Untracked 
|  66|0x000000008e800000, 0x000000008e800000, 0x000000008e900000|  0%| F|  |TAMS 0x000000008e800000, 0x000000008e800000| Untracked 
|  67|0x000000008e900000, 0x000000008e900000, 0x000000008ea00000|  0%| F|  |TAMS 0x000000008e900000, 0x000000008e900000| Untracked 
|  68|0x000000008ea00000, 0x000000008ea00000, 0x000000008eb00000|  0%| F|  |TAMS 0x000000008ea00000, 0x000000008ea00000| Untracked 
|  69|0x000000008eb00000, 0x000000008eb00000, 0x000000008ec00000|  0%| F|  |TAMS 0x000000008eb00000, 0x000000008eb00000| Untracked 
|  70|0x000000008ec00000, 0x000000008ec00000, 0x000000008ed00000|  0%| F|  |TAMS 0x000000008ec00000, 0x000000008ec00000| Untracked 
|  71|0x000000008ed00000, 0x000000008ed00000, 0x000000008ee00000|  0%| F|  |TAMS 0x000000008ed00000, 0x000000008ed00000| Untracked 
|  72|0x000000008ee00000, 0x000000008ee00000, 0x000000008ef00000|  0%| F|  |TAMS 0x000000008ee00000, 0x000000008ee00000| Untracked 
|  73|0x000000008ef00000, 0x000000008ef00000, 0x000000008f000000|  0%| F|  |TAMS 0x000000008ef00000, 0x000000008ef00000| Untracked 
|  74|0x000000008f000000, 0x000000008f000000, 0x000000008f100000|  0%| F|  |TAMS 0x000000008f000000, 0x000000008f000000| Untracked 
|  75|0x000000008f100000, 0x000000008f100000, 0x000000008f200000|  0%| F|  |TAMS 0x000000008f100000, 0x000000008f100000| Untracked 
|  76|0x000000008f200000, 0x000000008f200000, 0x000000008f300000|  0%| F|  |TAMS 0x000000008f200000, 0x000000008f200000| Untracked 
|  77|0x000000008f300000, 0x000000008f300000, 0x000000008f400000|  0%| F|  |TAMS 0x000000008f300000, 0x000000008f300000| Untracked 
|  78|0x000000008f400000, 0x000000008f400000, 0x000000008f500000|  0%| F|  |TAMS 0x000000008f400000, 0x000000008f400000| Untracked 
|  79|0x000000008f500000, 0x000000008f500000, 0x000000008f600000|  0%| F|  |TAMS 0x000000008f500000, 0x000000008f500000| Untracked 
|  80|0x000000008f600000, 0x000000008f600000, 0x000000008f700000|  0%| F|  |TAMS 0x000000008f600000, 0x000000008f600000| Untracked 
|  81|0x000000008f700000, 0x000000008f700000, 0x000000008f800000|  0%| F|  |TAMS 0x000000008f700000, 0x000000008f700000| Untracked 
|  82|0x000000008f800000, 0x000000008f800000, 0x000000008f900000|  0%| F|  |TAMS 0x000000008f800000, 0x000000008f800000| Untracked 
|  83|0x000000008f900000, 0x000000008f900000, 0x000000008fa00000|  0%| F|  |TAMS 0x000000008f900000, 0x000000008f900000| Untracked 
|  84|0x000000008fa00000, 0x000000008fa00000, 0x000000008fb00000|  0%| F|  |TAMS 0x000000008fa00000, 0x000000008fa00000| Untracked 
|  85|0x000000008fb00000, 0x000000008fb00000, 0x000000008fc00000|  0%| F|  |TAMS 0x000000008fb00000, 0x000000008fb00000| Untracked 
|  86|0x000000008fc00000, 0x000000008fc00000, 0x000000008fd00000|  0%| F|  |TAMS 0x000000008fc00000, 0x000000008fc00000| Untracked 
|  87|0x000000008fd00000, 0x000000008fd00000, 0x000000008fe00000|  0%| F|  |TAMS 0x000000008fd00000, 0x000000008fd00000| Untracked 
|  88|0x000000008fe00000, 0x000000008fe00000, 0x000000008ff00000|  0%| F|  |TAMS 0x000000008fe00000, 0x000000008fe00000| Untracked 
|  89|0x000000008ff00000, 0x000000008ff00000, 0x0000000090000000|  0%| F|  |TAMS 0x000000008ff00000, 0x000000008ff00000| Untracked 
|  90|0x0000000090000000, 0x0000000090000000, 0x0000000090100000|  0%| F|  |TAMS 0x0000000090000000, 0x0000000090000000| Untracked 
|  91|0x0000000090100000, 0x0000000090100000, 0x0000000090200000|  0%| F|  |TAMS 0x0000000090100000, 0x0000000090100000| Untracked 
|  92|0x0000000090200000, 0x0000000090200000, 0x0000000090300000|  0%| F|  |TAMS 0x0000000090200000, 0x0000000090200000| Untracked 
|  93|0x0000000090300000, 0x0000000090300000, 0x0000000090400000|  0%| F|  |TAMS 0x0000000090300000, 0x0000000090300000| Untracked 
|  94|0x0000000090400000, 0x0000000090400000, 0x0000000090500000|  0%| F|  |TAMS 0x0000000090400000, 0x0000000090400000| Untracked 
|  95|0x0000000090500000, 0x0000000090500000, 0x0000000090600000|  0%| F|  |TAMS 0x0000000090500000, 0x0000000090500000| Untracked 
|  96|0x0000000090600000, 0x0000000090600000, 0x0000000090700000|  0%| F|  |TAMS 0x0000000090600000, 0x0000000090600000| Untracked 
|  97|0x0000000090700000, 0x0000000090700000, 0x0000000090800000|  0%| F|  |TAMS 0x0000000090700000, 0x0000000090700000| Untracked 
|  98|0x0000000090800000, 0x0000000090800000, 0x0000000090900000|  0%| F|  |TAMS 0x0000000090800000, 0x0000000090800000| Untracked 
|  99|0x0000000090900000, 0x0000000090900000, 0x0000000090a00000|  0%| F|  |TAMS 0x0000000090900000, 0x0000000090900000| Untracked 
| 100|0x0000000090a00000, 0x0000000090a00000, 0x0000000090b00000|  0%| F|  |TAMS 0x0000000090a00000, 0x0000000090a00000| Untracked 
| 101|0x0000000090b00000, 0x0000000090b00000, 0x0000000090c00000|  0%| F|  |TAMS 0x0000000090b00000, 0x0000000090b00000| Untracked 
| 102|0x0000000090c00000, 0x0000000090c00000, 0x0000000090d00000|  0%| F|  |TAMS 0x0000000090c00000, 0x0000000090c00000| Untracked 
| 103|0x0000000090d00000, 0x0000000090d00000, 0x0000000090e00000|  0%| F|  |TAMS 0x0000000090d00000, 0x0000000090d00000| Untracked 
| 104|0x0000000090e00000, 0x0000000090e00000, 0x0000000090f00000|  0%| F|  |TAMS 0x0000000090e00000, 0x0000000090e00000| Untracked 
| 105|0x0000000090f00000, 0x0000000090f00000, 0x0000000091000000|  0%| F|  |TAMS 0x0000000090f00000, 0x0000000090f00000| Untracked 
| 106|0x0000000091000000, 0x0000000091000000, 0x0000000091100000|  0%| F|  |TAMS 0x0000000091000000, 0x0000000091000000| Untracked 
| 107|0x0000000091100000, 0x0000000091100000, 0x0000000091200000|  0%| F|  |TAMS 0x0000000091100000, 0x0000000091100000| Untracked 
| 108|0x0000000091200000, 0x0000000091200000, 0x0000000091300000|  0%| F|  |TAMS 0x0000000091200000, 0x0000000091200000| Untracked 
| 109|0x0000000091300000, 0x0000000091376438, 0x0000000091400000| 46%| E|  |TAMS 0x0000000091300000, 0x0000000091300000| Complete 
| 110|0x0000000091400000, 0x0000000091500000, 0x0000000091500000|100%| E|CS|TAMS 0x0000000091400000, 0x0000000091400000| Complete 
| 111|0x0000000091500000, 0x0000000091600000, 0x0000000091600000|100%| E|CS|TAMS 0x0000000091500000, 0x0000000091500000| Complete 
| 112|0x0000000091600000, 0x0000000091700000, 0x0000000091700000|100%| E|CS|TAMS 0x0000000091600000, 0x0000000091600000| Complete 
| 113|0x0000000091700000, 0x0000000091800000, 0x0000000091800000|100%| E|CS|TAMS 0x0000000091700000, 0x0000000091700000| Complete 
| 114|0x0000000091800000, 0x0000000091900000, 0x0000000091900000|100%| E|CS|TAMS 0x0000000091800000, 0x0000000091800000| Complete 
| 115|0x0000000091900000, 0x0000000091a00000, 0x0000000091a00000|100%| E|CS|TAMS 0x0000000091900000, 0x0000000091900000| Complete 
| 116|0x0000000091a00000, 0x0000000091b00000, 0x0000000091b00000|100%| E|CS|TAMS 0x0000000091a00000, 0x0000000091a00000| Complete 
| 117|0x0000000091b00000, 0x0000000091c00000, 0x0000000091c00000|100%| E|CS|TAMS 0x0000000091b00000, 0x0000000091b00000| Complete 

Card table byte_map: [0x0000014f2f170000,0x0000014f2f520000] _byte_map_base: 0x0000014f2ed1d000

Marking Bits (Prev, Next): (CMBitMap*) 0x0000014f17963ea0, (CMBitMap*) 0x0000014f17963ee0
 Prev Bits: [0x0000014f2f8d0000, 0x0000014f31638000)
 Next Bits: [0x0000014f31640000, 0x0000014f333a8000)

Polling page: 0x0000014f170d0000

Metaspace:

Usage:
  Non-class:      6.64 MB used.
      Class:    879.62 KB used.
       Both:      7.50 MB used.

Virtual space:
  Non-class space:       64.00 MB reserved,       6.69 MB ( 10%) committed,  1 nodes.
      Class space:        1.00 GB reserved,       1.00 MB ( <1%) committed,  1 nodes.
             Both:        1.06 GB reserved,       7.69 MB ( <1%) committed. 

Chunk freelists:
   Non-Class:  1.00 MB
       Class:  3.05 MB
        Both:  4.05 MB

MaxMetaspaceSize: unlimited
CompressedClassSpaceSize: 1.00 GB
Initial GC threshold: 21.00 MB
Current GC threshold: 21.00 MB
CDS: on
MetaspaceReclaimPolicy: balanced
 - commit_granule_bytes: 65536.
 - commit_granule_words: 8192.
 - virtual_space_node_default_size: 8388608.
 - enlarge_chunks_in_place: 1.
 - new_chunks_are_fully_committed: 0.
 - uncommit_free_chunks: 1.
 - use_allocation_guard: 0.


Internal statistics:

num_allocs_failed_limit: 0.
num_arena_births: 146.
num_arena_deaths: 0.
num_vsnodes_births: 2.
num_vsnodes_deaths: 0.
num_space_committed: 123.
num_space_uncommitted: 0.
num_chunks_returned_to_freelist: 0.
num_chunks_taken_from_freelist: 160.
num_chunk_merges: 0.
num_chunk_splits: 108.
num_chunks_enlarged: 71.
num_inconsistent_stats: 0.

CodeHeap 'non-profiled nmethods': size=120000Kb used=263Kb max_used=263Kb free=119736Kb
 bounds [0x0000014f27340000, 0x0000014f275b0000, 0x0000014f2e870000]
CodeHeap 'profiled nmethods': size=120000Kb used=1128Kb max_used=1128Kb free=118871Kb
 bounds [0x0000014f1f870000, 0x0000014f1fae0000, 0x0000014f26da0000]
CodeHeap 'non-nmethods': size=5760Kb used=1360Kb max_used=1374Kb free=4399Kb
 bounds [0x0000014f26da0000, 0x0000014f27010000, 0x0000014f27340000]
 total_blobs=1464 nmethods=859 adapters=516
 compilation: enabled
              stopped_count=0, restarted_count=0
 full_count=0

Compilation events (20 events):
Event: 492.472 Thread 0x0000014f36012ee0 nmethod 850 0x0000014f2737f410 code [0x0000014f2737f5a0, 0x0000014f2737fa58]
Event: 520.023 Thread 0x0000014f36012ee0  851   !   4       jdk.internal.misc.Blocker::begin (97 bytes)
Event: 520.024 Thread 0x0000014f36012ee0 nmethod 851 0x0000014f2737fc90 code [0x0000014f2737fe20, 0x0000014f2737fed8]
Event: 520.671 Thread 0x0000014f36012ee0  852       4       jdk.internal.misc.Blocker::end (71 bytes)
Event: 520.671 Thread 0x0000014f36012ee0 nmethod 852 0x0000014f27380010 code [0x0000014f27380180, 0x0000014f273801f8]
Event: 553.254 Thread 0x0000014f36012ee0  853   !   4       java.lang.Object::wait (50 bytes)
Event: 553.256 Thread 0x0000014f36012ee0 nmethod 853 0x0000014f27380310 code [0x0000014f273804c0, 0x0000014f273805f8]
Event: 575.776 Thread 0x0000014f36012ee0  854       4       java.util.ArrayList::toArray (57 bytes)
Event: 575.779 Thread 0x0000014f36012ee0 nmethod 854 0x0000014f27380810 code [0x0000014f273809a0, 0x0000014f27380cf8]
Event: 579.331 Thread 0x0000014f36012ee0  855       4       sun.java2d.d3d.D3DSurfaceData$D3DWindowSurfaceData::isDirty (18 bytes)
Event: 579.332 Thread 0x0000014f36012ee0 nmethod 855 0x0000014f27380e90 code [0x0000014f27381020, 0x0000014f273810f8]
Event: 579.332 Thread 0x0000014f36012ee0  856       4       sun.java2d.StateTrackableDelegate$1::isCurrent (17 bytes)
Event: 579.332 Thread 0x0000014f36012ee0 nmethod 856 0x0000014f27381210 code [0x0000014f273813a0, 0x0000014f27381458]
Event: 589.680 Thread 0x0000014f36012ee0  857       4       java.util.ArrayList::toArray (57 bytes)
Event: 589.684 Thread 0x0000014f36012ee0 nmethod 857 0x0000014f27381510 code [0x0000014f273816a0, 0x0000014f27381af8]
Event: 2174.318 Thread 0x0000014f36014860  858       3       java.lang.invoke.MethodHandles$Lookup::hasFullPrivilegeAccess (18 bytes)
Event: 2174.322 Thread 0x0000014f36014860 nmethod 858 0x0000014f1f989c90 code [0x0000014f1f989e20, 0x0000014f1f989f98]
Event: 2174.322 Thread 0x0000014f36014860  859       3       jdk.internal.org.objectweb.asm.MethodVisitor::<init> (7 bytes)
Event: 2174.322 Thread 0x0000014f36014860 nmethod 859 0x0000014f1f98a010 code [0x0000014f1f98a1c0, 0x0000014f1f98a308]
Event: 2174.322 Thread 0x0000014f36014860  860       3       jdk.internal.org.objectweb.asm.MethodWriter::visitMaxs (60 bytes)

GC Heap History (0 events):
No events

Dll operation events (8 events):
Event: 0.018 Loaded shared library C:\Program Files\Java\jdk-19\bin\java.dll
Event: 0.031 Loaded shared library C:\Program Files\Java\jdk-19\bin\jsvml.dll
Event: 0.091 Loaded shared library C:\Program Files\Java\jdk-19\bin\net.dll
Event: 0.094 Loaded shared library C:\Program Files\Java\jdk-19\bin\nio.dll
Event: 0.128 Loaded shared library C:\Program Files\Java\jdk-19\bin\jimage.dll
Event: 0.150 Loaded shared library C:\Program Files\Java\jdk-19\bin\awt.dll
Event: 0.524 Loaded shared library C:\Program Files\Java\jdk-19\bin\freetype.dll
Event: 0.525 Loaded shared library C:\Program Files\Java\jdk-19\bin\fontmanager.dll

Deoptimization events (16 events):
Event: 0.356 Thread 0x0000014f179077e0 Uncommon trap: trap_request=0xffffff45 fr.pc=0x0000014f2734f314 relative=0x00000000000009f4
Event: 0.356 Thread 0x0000014f179077e0 Uncommon trap: reason=unstable_if action=reinterpret pc=0x0000014f2734f314 method=java.util.HashMap.putVal(ILjava/lang/Object;Ljava/lang/Object;ZZ)Ljava/lang/Object; @ 236 c2
Event: 0.356 Thread 0x0000014f179077e0 DEOPT PACKING pc=0x0000014f2734f314 sp=0x000000294fdfdd70
Event: 0.356 Thread 0x0000014f179077e0 DEOPT UNPACKING pc=0x0000014f26e06da3 sp=0x000000294fdfdd28 mode 2
Event: 0.563 Thread 0x0000014f179077e0 Uncommon trap: trap_request=0xffffff45 fr.pc=0x0000014f27367b7c relative=0x00000000000004bc
Event: 0.563 Thread 0x0000014f179077e0 Uncommon trap: reason=unstable_if action=reinterpret pc=0x0000014f27367b7c method=java.lang.StringLatin1.replace([BCC)Ljava/lang/String; @ 19 c2
Event: 0.563 Thread 0x0000014f179077e0 DEOPT PACKING pc=0x0000014f27367b7c sp=0x000000294fdfe530
Event: 0.563 Thread 0x0000014f179077e0 DEOPT UNPACKING pc=0x0000014f26e06da3 sp=0x000000294fdfe4b0 mode 2
Event: 478.674 Thread 0x0000014f36001940 Uncommon trap: trap_request=0xffffffcc fr.pc=0x0000014f2737ef60 relative=0x0000000000000240
Event: 478.674 Thread 0x0000014f36001940 Uncommon trap: reason=intrinsic_or_type_checked_inlining action=make_not_entrant pc=0x0000014f2737ef60 method=java.util.Arrays.copyOf([Ljava/lang/Object;ILjava/lang/Class;)[Ljava/lang/Object; @ 35 c2
Event: 478.674 Thread 0x0000014f36001940 DEOPT PACKING pc=0x0000014f2737ef60 sp=0x0000002951fff110
Event: 478.674 Thread 0x0000014f36001940 DEOPT UNPACKING pc=0x0000014f26e06da3 sp=0x0000002951fff0a0 mode 2
Event: 575.876 Thread 0x0000014f36001940 Uncommon trap: trap_request=0xffffffdc fr.pc=0x0000014f27380b2c relative=0x000000000000018c
Event: 575.876 Thread 0x0000014f36001940 Uncommon trap: reason=class_check action=make_not_entrant pc=0x0000014f27380b2c method=java.util.ArrayList.toArray([Ljava/lang/Object;)[Ljava/lang/Object; @ 21 c2
Event: 575.877 Thread 0x0000014f36001940 DEOPT PACKING pc=0x0000014f27380b2c sp=0x0000002951fff170
Event: 575.877 Thread 0x0000014f36001940 DEOPT UNPACKING pc=0x0000014f26e06da3 sp=0x0000002951fff130 mode 2

Classes loaded (20 events):
Event: 0.843 Loading class java/awt/im/spi/InputMethod
Event: 0.843 Loading class java/awt/im/spi/InputMethod done
Event: 0.843 Loading class sun/awt/im/InputMethodAdapter done
Event: 0.843 Loading class sun/awt/windows/WInputMethod done
Event: 0.846 Loading class java/awt/event/MouseWheelEvent
Event: 0.846 Loading class java/awt/event/MouseWheelEvent done
Event: 0.846 Loading class java/awt/TextComponent
Event: 0.847 Loading class java/awt/TextComponent done
Event: 0.848 Loading class java/util/concurrent/locks/AbstractQueuedSynchronizer$ExclusiveNode
Event: 0.848 Loading class java/util/concurrent/locks/AbstractQueuedSynchronizer$ExclusiveNode done
Event: 0.855 Loading class java/awt/KeyboardFocusManager$3
Event: 0.855 Loading class java/awt/KeyboardFocusManager$3 done
Event: 0.855 Loading class java/awt/Event
Event: 0.855 Loading class java/awt/Event done
Event: 1.220 Loading class java/awt/LightweightDispatcher$2
Event: 1.220 Loading class java/awt/LightweightDispatcher$2 done
Event: 2.344 Loading class java/awt/KeyboardFocusManager$2
Event: 2.345 Loading class java/awt/KeyboardFocusManager$2 done
Event: 2.345 Loading class sun/awt/SunToolkit$1
Event: 2.345 Loading class sun/awt/SunToolkit$1 done

Classes unloaded (0 events):
No events

Classes redefined (0 events):
No events

Internal exceptions (18 events):
Event: 0.095 Thread 0x0000014f179077e0 Exception <a 'sun/nio/fs/WindowsException'{0x0000000091a44ff8}> (0x0000000091a44ff8) 
thrown [s\open\src\hotspot\share\prims\jni.cpp, line 517]
Event: 0.096 Thread 0x0000014f179077e0 Exception <a 'sun/nio/fs/WindowsException'{0x0000000091a45510}> (0x0000000091a45510) 
thrown [s\open\src\hotspot\share\prims\jni.cpp, line 517]
Event: 0.097 Thread 0x0000014f179077e0 Exception <a 'sun/nio/fs/WindowsException'{0x0000000091a47758}> (0x0000000091a47758) 
thrown [s\open\src\hotspot\share\prims\jni.cpp, line 517]
Event: 0.097 Thread 0x0000014f179077e0 Exception <a 'sun/nio/fs/WindowsException'{0x0000000091a48198}> (0x0000000091a48198) 
thrown [s\open\src\hotspot\share\prims\jni.cpp, line 517]
Event: 0.134 Thread 0x0000014f179077e0 Exception <a 'java/lang/ClassNotFoundException'{0x00000000919701a0}: sun/awt/resources/spi/awtProvider> (0x00000000919701a0) 
thrown [s\open\src\hotspot\share\classfile\systemDictionary.cpp, line 255]
Event: 0.164 Thread 0x0000014f179077e0 Exception <a 'java/io/FileNotFoundException'{0x00000000919c8168}> (0x00000000919c8168) 
thrown [s\open\src\hotspot\share\prims\jni.cpp, line 517]
Event: 0.172 Thread 0x0000014f179077e0 Exception <a 'java/io/FileNotFoundException'{0x00000000919f4940}> (0x00000000919f4940) 
thrown [s\open\src\hotspot\share\prims\jni.cpp, line 517]
Event: 0.222 Thread 0x0000014f179077e0 Exception <a 'java/lang/NoSuchMethodError'{0x0000000091839a20}: 'java.lang.Object java.lang.invoke.DirectMethodHandle$Holder.invokeStaticInit(java.lang.Object)'> (0x0000000091839a20) 
thrown [s\open\src\hotspot\share\interpreter\linkResolver.cpp, line 774]
Event: 0.359 Thread 0x0000014f179077e0 Exception <a 'java/lang/NoSuchMethodError'{0x0000000091718fd8}: 'void java.lang.invoke.DirectMethodHandle$Holder.invokeSpecial(java.lang.Object, java.lang.Object, java.lang.Object)'> (0x0000000091718fd8) 
thrown [s\open\src\hotspot\share\interpreter\linkResolver.cpp, line 774]
Event: 0.370 Thread 0x0000014f179077e0 Exception <a 'java/lang/NoSuchMethodError'{0x0000000091743aa0}: 'java.lang.Object java.lang.invoke.DirectMethodHandle$Holder.newInvokeSpecial(java.lang.Object, java.lang.Object, java.lang.Object, java.lang.Object, java.lang.Object)'> (0x0000000091743aa0) 
thrown [s\open\src\hotspot\share\interpreter\linkResolver.cpp, line 774]
Event: 0.379 Thread 0x0000014f179077e0 Exception <a 'java/lang/NoSuchMethodError'{0x0000000091775188}: 'java.lang.Object java.lang.invoke.DirectMethodHandle$Holder.invokeStatic(java.lang.Object, int, java.lang.Object)'> (0x0000000091775188) 
thrown [s\open\src\hotspot\share\interpreter\linkResolver.cpp, line 774]
Event: 0.414 Thread 0x0000014f179077e0 Exception <a 'java/lang/ClassNotFoundException'{0x0000000091630da0}: com/sun/swing/internal/plaf/metal/resources/spi/metalProvider> (0x0000000091630da0) 
thrown [s\open\src\hotspot\share\classfile\systemDictionary.cpp, line 255]
Event: 0.415 Thread 0x0000014f179077e0 Exception <a 'java/lang/ClassNotFoundException'{0x0000000091634d70}: com/sun/swing/internal/plaf/basic/resources/spi/basicProvider> (0x0000000091634d70) 
thrown [s\open\src\hotspot\share\classfile\systemDictionary.cpp, line 255]
Event: 0.429 Thread 0x0000014f179077e0 Exception <a 'java/lang/NoSuchMethodError'{0x0000000091654ae0}: 'int java.lang.invoke.Invokers$Holder.invokeExact_MT(java.lang.Object, java.lang.Object)'> (0x0000000091654ae0) 
thrown [s\open\src\hotspot\share\interpreter\linkResolver.cpp, line 774]
Event: 0.434 Thread 0x0000014f179077e0 Exception <a 'java/lang/NoSuchMethodError'{0x000000009165b360}: 'void java.lang.invoke.DirectMethodHandle$Holder.invokeStatic(java.lang.Object, java.lang.Object, java.lang.Object)'> (0x000000009165b360) 
thrown [s\open\src\hotspot\share\interpreter\linkResolver.cpp, line 774]
Event: 0.437 Thread 0x0000014f179077e0 Exception <a 'java/lang/NoSuchMethodError'{0x00000000916617c0}: 'void java.lang.invoke.DirectMethodHandle$Holder.invokeStatic(java.lang.Object, java.lang.Object)'> (0x00000000916617c0) 
thrown [s\open\src\hotspot\share\interpreter\linkResolver.cpp, line 774]
Event: 0.497 Thread 0x0000014f36000ea0 Exception <a 'java/lang/NoSuchMethodError'{0x00000000918fc0b8}: 'void java.lang.invoke.DirectMethodHandle$Holder.invokeVirtual(java.lang.Object, java.lang.Object)'> (0x00000000918fc0b8) 
thrown [s\open\src\hotspot\share\interpreter\linkResolver.cpp, line 774]
Event: 0.518 Thread 0x0000014f179077e0 Exception <a 'java/lang/NoSuchMethodError'{0x00000000916b5aa8}: 'void java.lang.invoke.DirectMethodHandle$Holder.invokeStaticInit(java.lang.Object)'> (0x00000000916b5aa8) 
thrown [s\open\src\hotspot\share\interpreter\linkResolver.cpp, line 774]

VM Operations (10 events):
Event: 0.099 Executing VM operation: HandshakeAllThreads
Event: 0.099 Executing VM operation: HandshakeAllThreads done
Event: 0.181 Executing VM operation: HandshakeAllThreads
Event: 0.181 Executing VM operation: HandshakeAllThreads done
Event: 0.467 Executing VM operation: HandshakeAllThreads
Event: 0.467 Executing VM operation: HandshakeAllThreads done
Event: 0.838 Executing VM operation: HandshakeAllThreads
Event: 0.838 Executing VM operation: HandshakeAllThreads done
Event: 1.839 Executing VM operation: Cleanup
Event: 1.839 Executing VM operation: Cleanup done

Events (19 events):
Event: 0.032 Thread 0x0000014f179077e0 Thread added: 0x0000014f179077e0
Event: 0.049 Thread 0x0000014f35ff1fe0 Thread added: 0x0000014f35ff1fe0
Event: 0.049 Thread 0x0000014f35ff2910 Thread added: 0x0000014f35ff2910
Event: 0.049 Thread 0x0000014f35ff9650 Thread added: 0x0000014f35ff9650
Event: 0.050 Thread 0x0000014f35ffd7b0 Thread added: 0x0000014f35ffd7b0
Event: 0.050 Thread 0x0000014f360023e0 Thread added: 0x0000014f360023e0
Event: 0.050 Thread 0x0000014f360033d0 Thread added: 0x0000014f360033d0
Event: 0.050 Thread 0x0000014f36012ee0 Thread added: 0x0000014f36012ee0
Event: 0.050 Thread 0x0000014f36014860 Thread added: 0x0000014f36014860
Event: 0.050 Thread 0x0000014f36001e90 Thread added: 0x0000014f36001e90
Event: 0.076 Thread 0x0000014f36003e70 Thread added: 0x0000014f36003e70
Event: 0.111 Thread 0x0000014f36003920 Thread added: 0x0000014f36003920
Event: 0.223 Thread 0x0000014f36002930 Thread added: 0x0000014f36002930
Event: 0.224 Thread 0x0000014f36000950 Thread added: 0x0000014f36000950
Event: 0.226 Thread 0x0000014f36000ea0 Thread added: 0x0000014f36000ea0
Event: 0.496 Thread 0x0000014f36002e80 Thread added: 0x0000014f36002e80
Event: 0.748 Thread 0x0000014f179077e0 Thread exited: 0x0000014f179077e0
Event: 0.748 Thread 0x0000014f360013f0 Thread added: 0x0000014f360013f0
Event: 0.751 Thread 0x0000014f36001940 Thread added: 0x0000014f36001940


Dynamic libraries:
0x00007ff6350f0000 - 0x00007ff635100000 	C:\Program Files\Java\jdk-19\bin\java.exe
0x00007ffe7bdd0000 - 0x00007ffe7bfe4000 	C:\WINDOWS\SYSTEM32\ntdll.dll
0x00007ffe7a8a0000 - 0x00007ffe7a962000 	C:\WINDOWS\System32\KERNEL32.DLL
0x00007ffe79230000 - 0x00007ffe795cd000 	C:\WINDOWS\System32\KERNELBASE.dll
0x00007ffe79ab0000 - 0x00007ffe79bc1000 	C:\WINDOWS\System32\ucrtbase.dll
0x00007ffe5f730000 - 0x00007ffe5f74b000 	C:\Program Files\Java\jdk-19\bin\VCRUNTIME140.dll
0x00007ffe5b770000 - 0x00007ffe5b788000 	C:\Program Files\Java\jdk-19\bin\jli.dll
0x00007ffe7ab90000 - 0x00007ffe7ac3e000 	C:\WINDOWS\System32\ADVAPI32.dll
0x00007ffe7a470000 - 0x00007ffe7a517000 	C:\WINDOWS\System32\msvcrt.dll
0x00007ffe7a6c0000 - 0x00007ffe7a764000 	C:\WINDOWS\System32\sechost.dll
0x00007ffe79dd0000 - 0x00007ffe79ee5000 	C:\WINDOWS\System32\RPCRT4.dll
0x00007ffe7b920000 - 0x00007ffe7baca000 	C:\WINDOWS\System32\USER32.dll
0x00007ffe79200000 - 0x00007ffe79226000 	C:\WINDOWS\System32\win32u.dll
0x00007ffe7aa60000 - 0x00007ffe7aa89000 	C:\WINDOWS\System32\GDI32.dll
0x00007ffe5d5f0000 - 0x00007ffe5d87e000 	C:\WINDOWS\WinSxS\amd64_microsoft.windows.common-controls_6595b64144ccf1df_6.0.22621.608_none_a9444ca7c10bb01d\COMCTL32.dll
0x00007ffe79990000 - 0x00007ffe79aa2000 	C:\WINDOWS\System32\gdi32full.dll
0x00007ffe795d0000 - 0x00007ffe7966a000 	C:\WINDOWS\System32\msvcp_win.dll
0x00007ffe72ac0000 - 0x00007ffe72aca000 	C:\WINDOWS\SYSTEM32\VERSION.dll
0x00007ffe7a430000 - 0x00007ffe7a462000 	C:\WINDOWS\System32\IMM32.DLL
0x00007ffe6fe40000 - 0x00007ffe6fe4c000 	C:\Program Files\Java\jdk-19\bin\vcruntime140_1.dll
0x00007ffe33020000 - 0x00007ffe330ae000 	C:\Program Files\Java\jdk-19\bin\msvcp140.dll
0x00007ffdf3d00000 - 0x00007ffdf49c0000 	C:\Program Files\Java\jdk-19\bin\server\jvm.dll
0x00007ffe702f0000 - 0x00007ffe702f9000 	C:\WINDOWS\SYSTEM32\WSOCK32.dll
0x00007ffe7a7c0000 - 0x00007ffe7a831000 	C:\WINDOWS\System32\WS2_32.dll
0x00007ffe72a80000 - 0x00007ffe72ab4000 	C:\WINDOWS\SYSTEM32\WINMM.dll
0x00007ffe78230000 - 0x00007ffe78248000 	C:\WINDOWS\SYSTEM32\kernel.appcore.dll
0x00007ffe6e640000 - 0x00007ffe6e64a000 	C:\Program Files\Java\jdk-19\bin\jimage.dll
0x00007ffe707c0000 - 0x00007ffe709ee000 	C:\WINDOWS\SYSTEM32\DBGHELP.DLL
0x00007ffe7b430000 - 0x00007ffe7b7ba000 	C:\WINDOWS\System32\combase.dll
0x00007ffe7a970000 - 0x00007ffe7aa47000 	C:\WINDOWS\System32\OLEAUT32.dll
0x00007ffe70780000 - 0x00007ffe707b2000 	C:\WINDOWS\SYSTEM32\dbgcore.DLL
0x00007ffe79910000 - 0x00007ffe7998b000 	C:\WINDOWS\System32\bcryptPrimitives.dll
0x00007ffe5b700000 - 0x00007ffe5b726000 	C:\Program Files\Java\jdk-19\bin\java.dll
0x00007ffe302b0000 - 0x00007ffe30387000 	C:\Program Files\Java\jdk-19\bin\jsvml.dll
0x00007ffe7ac50000 - 0x00007ffe7b430000 	C:\WINDOWS\System32\SHELL32.dll
0x00007ffe771f0000 - 0x00007ffe77ab5000 	C:\WINDOWS\SYSTEM32\windows.storage.dll
0x00007ffe770b0000 - 0x00007ffe771ee000 	C:\WINDOWS\SYSTEM32\wintypes.dll
0x00007ffe7aa90000 - 0x00007ffe7ab81000 	C:\WINDOWS\System32\SHCORE.dll
0x00007ffe7a840000 - 0x00007ffe7a89e000 	C:\WINDOWS\System32\shlwapi.dll
0x00007ffe79130000 - 0x00007ffe79151000 	C:\WINDOWS\SYSTEM32\profapi.dll
0x00007ffe5b6e0000 - 0x00007ffe5b6f3000 	C:\Program Files\Java\jdk-19\bin\net.dll
0x00007ffe6fa10000 - 0x00007ffe6fb3f000 	C:\WINDOWS\SYSTEM32\WINHTTP.dll
0x00007ffe78690000 - 0x00007ffe786f9000 	C:\WINDOWS\system32\mswsock.dll
0x00007ffe5b6c0000 - 0x00007ffe5b6d6000 	C:\Program Files\Java\jdk-19\bin\nio.dll
0x00007ffe30000000 - 0x00007ffe30191000 	C:\Program Files\Java\jdk-19\bin\awt.dll
0x00007ffe76050000 - 0x00007ffe760e7000 	C:\WINDOWS\SYSTEM32\apphelp.dll
0x00007ffe76dd0000 - 0x00007ffe76dfb000 	C:\WINDOWS\system32\DWMAPI.DLL
0x00007ffe76ba0000 - 0x00007ffe76c4b000 	C:\WINDOWS\system32\uxtheme.dll
0x00007ffe0d630000 - 0x00007ffe0d730000 	C:\WINDOWS\system32\opengl32.dll
0x00007ffe0cee0000 - 0x00007ffe0cf0d000 	C:\WINDOWS\SYSTEM32\GLU32.dll
0x00007ffe76c80000 - 0x00007ffe76cb6000 	C:\WINDOWS\SYSTEM32\dxcore.dll
0x00007ffe79bd0000 - 0x00007ffe79cee000 	C:\WINDOWS\System32\MSCTF.dll
0x00007ffe7a520000 - 0x00007ffe7a6bc000 	C:\WINDOWS\System32\ole32.dll
0x00007ffe4ea30000 - 0x00007ffe4ebd9000 	C:\WINDOWS\system32\d3d9.dll
0x00007ffe72ad0000 - 0x00007ffe72c88000 	C:\WINDOWS\System32\DriverStore\FileRepository\u0373636.inf_amd64_8975734656dd6200\B373113\aticfx64.dll
0x00007ffe5f790000 - 0x00007ffe5f7c4000 	C:\WINDOWS\System32\DriverStore\FileRepository\u0373636.inf_amd64_8975734656dd6200\B373113\atiu9p64.dll
0x00007ffe18180000 - 0x00007ffe18ed4000 	C:\WINDOWS\System32\DriverStore\FileRepository\u0373636.inf_amd64_8975734656dd6200\B373113\atiumd64.dll
0x0000000057ce0000 - 0x0000000058b55000 	C:\WINDOWS\System32\DriverStore\FileRepository\u0373636.inf_amd64_8975734656dd6200\B373113\atiumd6a.dll
0x00007ffe79f80000 - 0x00007ffe7a3fa000 	C:\WINDOWS\System32\SETUPAPI.dll
0x00007ffe790d0000 - 0x00007ffe7911d000 	C:\WINDOWS\SYSTEM32\POWRPROF.dll
0x00007ffe790b0000 - 0x00007ffe790c3000 	C:\WINDOWS\SYSTEM32\UMPDC.dll
0x00007ffe70ad0000 - 0x00007ffe70b00000 	C:\WINDOWS\SYSTEM32\amdihk64.dll
0x00007ffe760f0000 - 0x00007ffe76139000 	C:\WINDOWS\SYSTEM32\directxdatabasehelper.dll
0x00007ffe2ff70000 - 0x00007ffe2fff6000 	C:\Program Files\Java\jdk-19\bin\freetype.dll
0x00007ffe0ac90000 - 0x00007ffe0ad55000 	C:\Program Files\Java\jdk-19\bin\fontmanager.dll
0x00007ffe79d10000 - 0x00007ffe79dc7000 	C:\WINDOWS\System32\clbcatq.dll
0x00007ffe76730000 - 0x00007ffe768e0000 	C:\WINDOWS\SYSTEM32\WindowsCodecs.dll
0x00007ffe55da0000 - 0x00007ffe55dfe000 	C:\WINDOWS\system32\dataexchange.dll
0x00007ffe73540000 - 0x00007ffe737aa000 	C:\WINDOWS\system32\twinapi.appcore.dll
0x00007ffe5de20000 - 0x00007ffe5df4d000 	C:\WINDOWS\SYSTEM32\textinputframework.dll

dbghelp: loaded successfully - version: 4.0.5 - missing functions: none
symbol engine: initialized successfully - sym options: 0x614 - pdb path: .;C:\Program Files\Java\jdk-19\bin;C:\WINDOWS\SYSTEM32;C:\WINDOWS\WinSxS\amd64_microsoft.windows.common-controls_6595b64144ccf1df_6.0.22621.608_none_a9444ca7c10bb01d;C:\Program Files\Java\jdk-19\bin\server;C:\WINDOWS\System32\DriverStore\FileRepository\u0373636.inf_amd64_8975734656dd6200\B373113

VM Arguments:
jvm_args: -Dfile.encoding=UTF-8 --module-path=D:\Java Practical 2.0\Electricity Billing System\build\classes 
java_command: electricity.billing.system.Signup
java_class_path (initial): D:\Java Practical 2.0\Electricity Billing System\build\classes
Launcher Type: SUN_STANDARD

[Global flags]
     intx CICompilerCount                          = 4                                         {product} {ergonomic}
     uint ConcGCThreads                            = 3                                         {product} {ergonomic}
     uint G1ConcRefinementThreads                  = 10                                        {product} {ergonomic}
   size_t G1HeapRegionSize                         = 1048576                                   {product} {ergonomic}
    uintx GCDrainStackTargetSize                   = 64                                        {product} {ergonomic}
   size_t InitialHeapSize                          = 123731968                                 {product} {ergonomic}
   size_t MarkStackSize                            = 4194304                                   {product} {ergonomic}
   size_t MaxHeapSize                              = 1973420032                                {product} {ergonomic}
   size_t MaxNewSize                               = 1183842304                                {product} {ergonomic}
   size_t MinHeapDeltaBytes                        = 1048576                                   {product} {ergonomic}
   size_t MinHeapSize                              = 8388608                                   {product} {ergonomic}
    uintx NonNMethodCodeHeapSize                   = 5839372                                {pd product} {ergonomic}
    uintx NonProfiledCodeHeapSize                  = 122909434                              {pd product} {ergonomic}
    uintx ProfiledCodeHeapSize                     = 122909434                              {pd product} {ergonomic}
    uintx ReservedCodeCacheSize                    = 251658240                              {pd product} {ergonomic}
     bool SegmentedCodeCache                       = true                                      {product} {ergonomic}
   size_t SoftMaxHeapSize                          = 1973420032                             {manageable} {ergonomic}
     bool UseCompressedClassPointers               = true                           {product lp64_product} {ergonomic}
     bool UseCompressedOops                        = true                           {product lp64_product} {ergonomic}
     bool UseG1GC                                  = true                                      {product} {ergonomic}
     bool UseLargePagesIndividualAllocation        = false                                  {pd product} {ergonomic}

Logging:
Log output configuration:
 #0: stdout all=warning uptime,level,tags foldmultilines=false
 #1: stderr all=off uptime,level,tags foldmultilines=false

Environment Variables:
PATH=C:\Program Files\Common Files\Oracle\Java\javapath;C:\Program Files (x86)\Common Files\Oracle\Java\javapath;C:\windows\system32;C:\windows;C:\windows\System32\Wbem;C:\windows\System32\WindowsPowerShell\v1.0\;C:\windows\System32\OpenSSH\;C:\Program Files (x86)\NVIDIA Corporation\PhysX\Common;C:\Program Files\NVIDIA Corporation\NVIDIA NvDLISR;C:\WINDOWS\system32;C:\WINDOWS;C:\WINDOWS\System32\Wbem;C:\WINDOWS\System32\WindowsPowerShell\v1.0\;C:\WINDOWS\System32\OpenSSH\;C:\Program Files (x86)\HP\Common\HPDestPlgIn\;C:\WINDOWS\system32;C:\WINDOWS;C:\WINDOWS\System32\Wbem;C:\WINDOWS\System32\WindowsPowerShell\v1.0\;C:\WINDOWS\System32\OpenSSH\;C:\Program Files\MySQL\MySQL Shell 8.0\bin\;C:\Program Files\Java\jdk1.8.0_202\bin;C:\Users\chede appliances\AppData\Local\Microsoft\WindowsApps;
USERNAME=Pratik Dhokne
OS=Windows_NT
PROCESSOR_IDENTIFIER=AMD64 Family 25 Model 80 Stepping 0, AuthenticAMD
TMP=C:\Users\chede appliances\AppData\Local\Temp
TEMP=C:\Users\chede appliances\AppData\Local\Temp



---------------  S Y S T E M  ---------------

OS:
 Windows 11 , 64 bit Build 22621 (10.0.22621.755)
OS uptime: 0 days 5:40 hours
Hyper-V role detected

CPU: total 12 (initial active 12) (12 cores per cpu, 2 threads per core) family 25 model 80 stepping 0 microcode 0x0, cx8, cmov, fxsr, ht, mmx, 3dnowpref, sse, sse2, sse3, ssse3, sse4a, sse4.1, sse4.2, popcnt, lzcnt, tsc, tscinvbit, avx, avx2, aes, erms, clmul, bmi1, bmi2, adx, sha, fma, vzeroupper, clflush, clflushopt, hv, rdtscp, rdpid, fsrm

Memory: 4k page, system-wide physical 7524M (647M free)
TotalPageFile size 31076M (AvailPageFile size 0M)
current process WorkingSet (physical memory assigned to process): 44M, peak: 76M
current process commit charge ("private bytes"): 244M, peak: 246M

vm_info: Java HotSpot(TM) 64-Bit Server VM (19.0.1+10-21) for windows-amd64 JRE (19.0.1+10-21), built on 2022-09-14T12:45:06Z by "mach5one" with MS VC++ 17.1 (VS2022)

END.
