#
# There is insufficient memory for the Java Runtime Environment to continue.
# Native memory allocation (malloc) failed to allocate 61616 bytes for Chunk::new
# Possible reasons:
#   The system is out of physical RAM or swap space
#   The process is running with CompressedOops enabled, and the Java Heap may be blocking the growth of the native heap
# Possible solutions:
#   Reduce memory load on the system
#   Increase physical memory or swap space
#   Check if swap backing store is full
#   Decrease Java heap size (-Xmx/-Xms)
#   Decrease number of Java threads
#   Decrease Java thread stack sizes (-Xss)
#   Set larger code cache with -XX:ReservedCodeCacheSize=
#   JVM is running with Unscaled Compressed Oops mode in which the Java heap is
#     placed in the first 4GB address space. The Java Heap base address is the
#     maximum limit for the native heap growth. Please use -XX:HeapBaseMinAddress
#     to set the Java Heap base and to place the Java Heap above 4GB virtual address.
# This output file may be truncated or incomplete.
#
#  Out of Memory Error (arena.cpp:184), pid=32800, tid=4636
#
# JRE version: Java(TM) SE Runtime Environment (19.0.1+10) (build 19.0.1+10-21)
# Java VM: Java HotSpot(TM) 64-Bit Server VM (19.0.1+10-21, mixed mode, sharing, tiered, compressed oops, compressed class ptrs, g1 gc, windows-amd64)
# No core dump will be written. Minidumps are not enabled by default on client versions of Windows
#

---------------  S U M M A R Y ------------

Command Line: -Dfile.encoding=UTF-8 --module-path=D:\Java Practical 2.0\Electricity Billing System\build\classes electricity.billing.system.Signup

Host: AMD Ryzen 5 5600H with Radeon Graphics         , 12 cores, 7G,  Windows 11 , 64 bit Build 22621 (10.0.22621.755)
Time: Fri Dec  2 00:51:05 2022 India Standard Time elapsed time: 596.619429 seconds (0d 0h 9m 56s)

---------------  T H R E A D  ---------------

Current thread (0x0000013578b290b0):  JavaThread "C2 CompilerThread0" daemon [_thread_in_native, id=4636, stack(0x000000339cd00000,0x000000339ce00000)]


Current CompileTask:
C2: 596619 1124       4       jdk.internal.org.objectweb.asm.SymbolTable::put (150 bytes)

Stack: [0x000000339cd00000,0x000000339ce00000]
Native frames: (J=compiled Java code, j=interpreted, Vv=VM code, C=native code)
V  [jvm.dll+0x6ee8fa]
V  [jvm.dll+0x857a1e]
V  [jvm.dll+0x85940e]
V  [jvm.dll+0x859ac3]
V  [jvm.dll+0x28291f]
V  [jvm.dll+0xc9b5f]
V  [jvm.dll+0xc9ee5]
V  [jvm.dll+0x3bcb72]
V  [jvm.dll+0x386201]
V  [jvm.dll+0x38567a]
V  [jvm.dll+0x24c2c9]
V  [jvm.dll+0x24b671]
V  [jvm.dll+0x1d6d61]
V  [jvm.dll+0x25b0fa]
V  [jvm.dll+0x259588]
V  [jvm.dll+0x807928]
V  [jvm.dll+0x8015fa]
V  [jvm.dll+0x6ed5eb]
C  [ucrtbase.dll+0x29363]
C  [KERNEL32.DLL+0x1244d]
C  [ntdll.dll+0x5dfb8]


---------------  P R O C E S S  ---------------

Threads class SMR info:
_java_thread_list=0x000001350f5bf6e0, length=17, elements={
0x0000013578b0f540, 0x0000013578b10010, 0x0000013578b17b20, 0x0000013578b1b800,
0x0000013578b1bd50, 0x0000013578b1d7e0, 0x0000013578b290b0, 0x0000013578b34880,
0x0000013578b1a810, 0x0000013578b1b2b0, 0x0000013578b1c2a0, 0x0000013578b1c7f0,
0x0000013578b1cd40, 0x0000013578b1d290, 0x0000013578b1dd30, 0x000001350f4bb850,
0x000001350f4bc2f0
}

Java Threads: ( => current thread )
  0x0000013578b0f540 JavaThread "Reference Handler" daemon [_thread_blocked, id=33652, stack(0x000000339c700000,0x000000339c800000)]
  0x0000013578b10010 JavaThread "Finalizer" daemon [_thread_blocked, id=23604, stack(0x000000339c800000,0x000000339c900000)]
  0x0000013578b17b20 JavaThread "Signal Dispatcher" daemon [_thread_blocked, id=30272, stack(0x000000339c900000,0x000000339ca00000)]
  0x0000013578b1b800 JavaThread "Attach Listener" daemon [_thread_blocked, id=31956, stack(0x000000339ca00000,0x000000339cb00000)]
  0x0000013578b1bd50 JavaThread "Service Thread" daemon [_thread_blocked, id=32288, stack(0x000000339cb00000,0x000000339cc00000)]
  0x0000013578b1d7e0 JavaThread "Monitor Deflation Thread" daemon [_thread_blocked, id=28928, stack(0x000000339cc00000,0x000000339cd00000)]
=>0x0000013578b290b0 JavaThread "C2 CompilerThread0" daemon [_thread_in_native, id=4636, stack(0x000000339cd00000,0x000000339ce00000)]
  0x0000013578b34880 JavaThread "C1 CompilerThread0" daemon [_thread_blocked, id=32012, stack(0x000000339ce00000,0x000000339cf00000)]
  0x0000013578b1a810 JavaThread "Sweeper thread" daemon [_thread_blocked, id=32220, stack(0x000000339cf00000,0x000000339d000000)]
  0x0000013578b1b2b0 JavaThread "Common-Cleaner" daemon [_thread_blocked, id=31832, stack(0x000000339d000000,0x000000339d100000)]
  0x0000013578b1c2a0 JavaThread "Notification Thread" daemon [_thread_blocked, id=28684, stack(0x000000339d100000,0x000000339d200000)]
  0x0000013578b1c7f0 JavaThread "Java2D Disposer" daemon [_thread_blocked, id=33656, stack(0x000000339d300000,0x000000339d400000)]
  0x0000013578b1cd40 JavaThread "AWT-Shutdown" [_thread_blocked, id=376, stack(0x000000339d400000,0x000000339d500000)]
  0x0000013578b1d290 JavaThread "AWT-Windows" daemon [_thread_in_native, id=29448, stack(0x000000339d500000,0x000000339d600000)]
  0x0000013578b1dd30 JavaThread "AWT-EventQueue-0" [_thread_in_native, id=32520, stack(0x000000339e200000,0x000000339e300000)]
  0x000001350f4bb850 JavaThread "DestroyJavaVM" [_thread_blocked, id=25068, stack(0x000000339c000000,0x000000339c100000)]
  0x000001350f4bc2f0 JavaThread "D3D Screen Updater" daemon [_thread_blocked, id=4572, stack(0x000000339e100000,0x000000339e200000)]

Other Threads:
  0x0000013578af7e50 VMThread "VM Thread" [stack: 0x000000339c600000,0x000000339c700000] [id=28296]
  0x000001357ce78330 WatcherThread "VM Periodic Task Thread" [stack: 0x000000339d200000,0x000000339d300000] [id=32128]
  0x00000135694738a0 WorkerThread "GC Thread#0" [stack: 0x000000339c100000,0x000000339c200000] [id=33680]
  0x0000013569483340 ConcurrentGCThread "G1 Main Marker" [stack: 0x000000339c200000,0x000000339c300000] [id=32216]
  0x0000013569485080 WorkerThread "G1 Conc#0" [stack: 0x000000339c300000,0x000000339c400000] [id=1636]
  0x00000135694de3f0 ConcurrentGCThread "G1 Refine#0" [stack: 0x000000339c400000,0x000000339c500000] [id=32712]
  0x00000135789b7500 ConcurrentGCThread "G1 Service" [stack: 0x000000339c500000,0x000000339c600000] [id=30072]

Threads with active compile tasks:
C2 CompilerThread0   596664 1124       4       jdk.internal.org.objectweb.asm.SymbolTable::put (150 bytes)

VM state: not at safepoint (normal execution)

VM Mutex/Monitor currently owned by a thread: None

Heap address: 0x000000008a600000, size: 1882 MB, Compressed Oops mode: 32-bit

CDS archive(s) mapped at: [0x0000000800000000-0x0000000800c40000-0x0000000800c40000), size 12845056, SharedBaseAddress: 0x0000000800000000, ArchiveRelocationMode: 0.
Compressed class space mapped at: 0x0000000801000000-0x0000000841000000, reserved size: 1073741824
Narrow klass base: 0x0000000800000000, Narrow klass shift: 0, Narrow klass range: 0x100000000

GC Precious Log:
 CardTable entry size: 512
 Card Set container configuration: InlinePtr #cards 5 size 8 Array Of Cards #cards 12 size 40 Howl #buckets 4 coarsen threshold 1843 Howl Bitmap #cards 512 size 80 coarsen threshold 460 Card regions per heap region 1 cards per card region 2048
 CPUs: 12 total, 12 available
 Memory: 7524M
 Large Page Support: Disabled
 NUMA Support: Disabled
 Compressed Oops: Enabled (32-bit)
 Heap Region Size: 1M
 Heap Min Capacity: 8M
 Heap Initial Capacity: 118M
 Heap Max Capacity: 1882M
 Pre-touch: Disabled
 Parallel Workers: 10
 Concurrent Workers: 3
 Concurrent Refinement Workers: 10
 Periodic GC: Disabled

Heap:
 garbage-first heap   total 120832K, used 13312K [0x000000008a600000, 0x0000000100000000)
  region size 1024K, 12 young (12288K), 0 survivors (0K)
 Metaspace       used 8458K, committed 8640K, reserved 1114112K
  class space    used 938K, committed 1024K, reserved 1048576K

Heap Regions: E=young(eden), S=young(survivor), O=old, HS=humongous(starts), HC=humongous(continues), CS=collection set, F=free, OA=open archive, CA=closed archive, TAMS=top-at-mark-start (previous, next)
|   0|0x000000008a600000, 0x000000008a700000, 0x000000008a700000|100%|HS|  |TAMS 0x000000008a600000, 0x000000008a600000| Complete 
|   1|0x000000008a700000, 0x000000008a800000, 0x000000008a800000|100%|HC|  |TAMS 0x000000008a700000, 0x000000008a700000| Complete 
|   2|0x000000008a800000, 0x000000008a800000, 0x000000008a900000|  0%| F|  |TAMS 0x000000008a800000, 0x000000008a800000| Untracked 
|   3|0x000000008a900000, 0x000000008a900000, 0x000000008aa00000|  0%| F|  |TAMS 0x000000008a900000, 0x000000008a900000| Untracked 
|   4|0x000000008aa00000, 0x000000008aa00000, 0x000000008ab00000|  0%| F|  |TAMS 0x000000008aa00000, 0x000000008aa00000| Untracked 
|   5|0x000000008ab00000, 0x000000008ab00000, 0x000000008ac00000|  0%| F|  |TAMS 0x000000008ab00000, 0x000000008ab00000| Untracked 
|   6|0x000000008ac00000, 0x000000008ac00000, 0x000000008ad00000|  0%| F|  |TAMS 0x000000008ac00000, 0x000000008ac00000| Untracked 
|   7|0x000000008ad00000, 0x000000008ad00000, 0x000000008ae00000|  0%| F|  |TAMS 0x000000008ad00000, 0x000000008ad00000| Untracked 
|   8|0x000000008ae00000, 0x000000008ae00000, 0x000000008af00000|  0%| F|  |TAMS 0x000000008ae00000, 0x000000008ae00000| Untracked 
|   9|0x000000008af00000, 0x000000008af00000, 0x000000008b000000|  0%| F|  |TAMS 0x000000008af00000, 0x000000008af00000| Untracked 
|  10|0x000000008b000000, 0x000000008b000000, 0x000000008b100000|  0%| F|  |TAMS 0x000000008b000000, 0x000000008b000000| Untracked 
|  11|0x000000008b100000, 0x000000008b100000, 0x000000008b200000|  0%| F|  |TAMS 0x000000008b100000, 0x000000008b100000| Untracked 
|  12|0x000000008b200000, 0x000000008b200000, 0x000000008b300000|  0%| F|  |TAMS 0x000000008b200000, 0x000000008b200000| Untracked 
|  13|0x000000008b300000, 0x000000008b300000, 0x000000008b400000|  0%| F|  |TAMS 0x000000008b300000, 0x000000008b300000| Untracked 
|  14|0x000000008b400000, 0x000000008b400000, 0x000000008b500000|  0%| F|  |TAMS 0x000000008b400000, 0x000000008b400000| Untracked 
|  15|0x000000008b500000, 0x000000008b500000, 0x000000008b600000|  0%| F|  |TAMS 0x000000008b500000, 0x000000008b500000| Untracked 
|  16|0x000000008b600000, 0x000000008b600000, 0x000000008b700000|  0%| F|  |TAMS 0x000000008b600000, 0x000000008b600000| Untracked 
|  17|0x000000008b700000, 0x000000008b700000, 0x000000008b800000|  0%| F|  |TAMS 0x000000008b700000, 0x000000008b700000| Untracked 
|  18|0x000000008b800000, 0x000000008b800000, 0x000000008b900000|  0%| F|  |TAMS 0x000000008b800000, 0x000000008b800000| Untracked 
|  19|0x000000008b900000, 0x000000008b900000, 0x000000008ba00000|  0%| F|  |TAMS 0x000000008b900000, 0x000000008b900000| Untracked 
|  20|0x000000008ba00000, 0x000000008ba00000, 0x000000008bb00000|  0%| F|  |TAMS 0x000000008ba00000, 0x000000008ba00000| Untracked 
|  21|0x000000008bb00000, 0x000000008bb00000, 0x000000008bc00000|  0%| F|  |TAMS 0x000000008bb00000, 0x000000008bb00000| Untracked 
|  22|0x000000008bc00000, 0x000000008bc00000, 0x000000008bd00000|  0%| F|  |TAMS 0x000000008bc00000, 0x000000008bc00000| Untracked 
|  23|0x000000008bd00000, 0x000000008bd00000, 0x000000008be00000|  0%| F|  |TAMS 0x000000008bd00000, 0x000000008bd00000| Untracked 
|  24|0x000000008be00000, 0x000000008be00000, 0x000000008bf00000|  0%| F|  |TAMS 0x000000008be00000, 0x000000008be00000| Untracked 
|  25|0x000000008bf00000, 0x000000008bf00000, 0x000000008c000000|  0%| F|  |TAMS 0x000000008bf00000, 0x000000008bf00000| Untracked 
|  26|0x000000008c000000, 0x000000008c000000, 0x000000008c100000|  0%| F|  |TAMS 0x000000008c000000, 0x000000008c000000| Untracked 
|  27|0x000000008c100000, 0x000000008c100000, 0x000000008c200000|  0%| F|  |TAMS 0x000000008c100000, 0x000000008c100000| Untracked 
|  28|0x000000008c200000, 0x000000008c200000, 0x000000008c300000|  0%| F|  |TAMS 0x000000008c200000, 0x000000008c200000| Untracked 
|  29|0x000000008c300000, 0x000000008c300000, 0x000000008c400000|  0%| F|  |TAMS 0x000000008c300000, 0x000000008c300000| Untracked 
|  30|0x000000008c400000, 0x000000008c400000, 0x000000008c500000|  0%| F|  |TAMS 0x000000008c400000, 0x000000008c400000| Untracked 
|  31|0x000000008c500000, 0x000000008c500000, 0x000000008c600000|  0%| F|  |TAMS 0x000000008c500000, 0x000000008c500000| Untracked 
|  32|0x000000008c600000, 0x000000008c600000, 0x000000008c700000|  0%| F|  |TAMS 0x000000008c600000, 0x000000008c600000| Untracked 
|  33|0x000000008c700000, 0x000000008c700000, 0x000000008c800000|  0%| F|  |TAMS 0x000000008c700000, 0x000000008c700000| Untracked 
|  34|0x000000008c800000, 0x000000008c800000, 0x000000008c900000|  0%| F|  |TAMS 0x000000008c800000, 0x000000008c800000| Untracked 
|  35|0x000000008c900000, 0x000000008c900000, 0x000000008ca00000|  0%| F|  |TAMS 0x000000008c900000, 0x000000008c900000| Untracked 
|  36|0x000000008ca00000, 0x000000008ca00000, 0x000000008cb00000|  0%| F|  |TAMS 0x000000008ca00000, 0x000000008ca00000| Untracked 
|  37|0x000000008cb00000, 0x000000008cb00000, 0x000000008cc00000|  0%| F|  |TAMS 0x000000008cb00000, 0x000000008cb00000| Untracked 
|  38|0x000000008cc00000, 0x000000008cc00000, 0x000000008cd00000|  0%| F|  |TAMS 0x000000008cc00000, 0x000000008cc00000| Untracked 
|  39|0x000000008cd00000, 0x000000008cd00000, 0x000000008ce00000|  0%| F|  |TAMS 0x000000008cd00000, 0x000000008cd00000| Untracked 
|  40|0x000000008ce00000, 0x000000008ce00000, 0x000000008cf00000|  0%| F|  |TAMS 0x000000008ce00000, 0x000000008ce00000| Untracked 
|  41|0x000000008cf00000, 0x000000008cf00000, 0x000000008d000000|  0%| F|  |TAMS 0x000000008cf00000, 0x000000008cf00000| Untracked 
|  42|0x000000008d000000, 0x000000008d000000, 0x000000008d100000|  0%| F|  |TAMS 0x000000008d000000, 0x000000008d000000| Untracked 
|  43|0x000000008d100000, 0x000000008d100000, 0x000000008d200000|  0%| F|  |TAMS 0x000000008d100000, 0x000000008d100000| Untracked 
|  44|0x000000008d200000, 0x000000008d200000, 0x000000008d300000|  0%| F|  |TAMS 0x000000008d200000, 0x000000008d200000| Untracked 
|  45|0x000000008d300000, 0x000000008d300000, 0x000000008d400000|  0%| F|  |TAMS 0x000000008d300000, 0x000000008d300000| Untracked 
|  46|0x000000008d400000, 0x000000008d400000, 0x000000008d500000|  0%| F|  |TAMS 0x000000008d400000, 0x000000008d400000| Untracked 
|  47|0x000000008d500000, 0x000000008d500000, 0x000000008d600000|  0%| F|  |TAMS 0x000000008d500000, 0x000000008d500000| Untracked 
|  48|0x000000008d600000, 0x000000008d600000, 0x000000008d700000|  0%| F|  |TAMS 0x000000008d600000, 0x000000008d600000| Untracked 
|  49|0x000000008d700000, 0x000000008d700000, 0x000000008d800000|  0%| F|  |TAMS 0x000000008d700000, 0x000000008d700000| Untracked 
|  50|0x000000008d800000, 0x000000008d800000, 0x000000008d900000|  0%| F|  |TAMS 0x000000008d800000, 0x000000008d800000| Untracked 
|  51|0x000000008d900000, 0x000000008d900000, 0x000000008da00000|  0%| F|  |TAMS 0x000000008d900000, 0x000000008d900000| Untracked 
|  52|0x000000008da00000, 0x000000008da00000, 0x000000008db00000|  0%| F|  |TAMS 0x000000008da00000, 0x000000008da00000| Untracked 
|  53|0x000000008db00000, 0x000000008db00000, 0x000000008dc00000|  0%| F|  |TAMS 0x000000008db00000, 0x000000008db00000| Untracked 
|  54|0x000000008dc00000, 0x000000008dc00000, 0x000000008dd00000|  0%| F|  |TAMS 0x000000008dc00000, 0x000000008dc00000| Untracked 
|  55|0x000000008dd00000, 0x000000008dd00000, 0x000000008de00000|  0%| F|  |TAMS 0x000000008dd00000, 0x000000008dd00000| Untracked 
|  56|0x000000008de00000, 0x000000008de00000, 0x000000008df00000|  0%| F|  |TAMS 0x000000008de00000, 0x000000008de00000| Untracked 
|  57|0x000000008df00000, 0x000000008df00000, 0x000000008e000000|  0%| F|  |TAMS 0x000000008df00000, 0x000000008df00000| Untracked 
|  58|0x000000008e000000, 0x000000008e000000, 0x000000008e100000|  0%| F|  |TAMS 0x000000008e000000, 0x000000008e000000| Untracked 
|  59|0x000000008e100000, 0x000000008e100000, 0x000000008e200000|  0%| F|  |TAMS 0x000000008e100000, 0x000000008e100000| Untracked 
|  60|0x000000008e200000, 0x000000008e200000, 0x000000008e300000|  0%| F|  |TAMS 0x000000008e200000, 0x000000008e200000| Untracked 
|  61|0x000000008e300000, 0x000000008e300000, 0x000000008e400000|  0%| F|  |TAMS 0x000000008e300000, 0x000000008e300000| Untracked 
|  62|0x000000008e400000, 0x000000008e400000, 0x000000008e500000|  0%| F|  |TAMS 0x000000008e400000, 0x000000008e400000| Untracked 
|  63|0x000000008e500000, 0x000000008e500000, 0x000000008e600000|  0%| F|  |TAMS 0x000000008e500000, 0x000000008e500000| Untracked 
|  64|0x000000008e600000, 0x000000008e600000, 0x000000008e700000|  0%| F|  |TAMS 0x000000008e600000, 0x000000008e600000| Untracked 
|  65|0x000000008e700000, 0x000000008e700000, 0x000000008e800000|  0%| F|  |TAMS 0x000000008e700000, 0x000000008e700000| Untracked 
|  66|0x000000008e800000, 0x000000008e800000, 0x000000008e900000|  0%| F|  |TAMS 0x000000008e800000, 0x000000008e800000| Untracked 
|  67|0x000000008e900000, 0x000000008e900000, 0x000000008ea00000|  0%| F|  |TAMS 0x000000008e900000, 0x000000008e900000| Untracked 
|  68|0x000000008ea00000, 0x000000008ea00000, 0x000000008eb00000|  0%| F|  |TAMS 0x000000008ea00000, 0x000000008ea00000| Untracked 
|  69|0x000000008eb00000, 0x000000008eb00000, 0x000000008ec00000|  0%| F|  |TAMS 0x000000008eb00000, 0x000000008eb00000| Untracked 
|  70|0x000000008ec00000, 0x000000008ec00000, 0x000000008ed00000|  0%| F|  |TAMS 0x000000008ec00000, 0x000000008ec00000| Untracked 
|  71|0x000000008ed00000, 0x000000008ed00000, 0x000000008ee00000|  0%| F|  |TAMS 0x000000008ed00000, 0x000000008ed00000| Untracked 
|  72|0x000000008ee00000, 0x000000008ee00000, 0x000000008ef00000|  0%| F|  |TAMS 0x000000008ee00000, 0x000000008ee00000| Untracked 
|  73|0x000000008ef00000, 0x000000008ef00000, 0x000000008f000000|  0%| F|  |TAMS 0x000000008ef00000, 0x000000008ef00000| Untracked 
|  74|0x000000008f000000, 0x000000008f000000, 0x000000008f100000|  0%| F|  |TAMS 0x000000008f000000, 0x000000008f000000| Untracked 
|  75|0x000000008f100000, 0x000000008f100000, 0x000000008f200000|  0%| F|  |TAMS 0x000000008f100000, 0x000000008f100000| Untracked 
|  76|0x000000008f200000, 0x000000008f200000, 0x000000008f300000|  0%| F|  |TAMS 0x000000008f200000, 0x000000008f200000| Untracked 
|  77|0x000000008f300000, 0x000000008f300000, 0x000000008f400000|  0%| F|  |TAMS 0x000000008f300000, 0x000000008f300000| Untracked 
|  78|0x000000008f400000, 0x000000008f400000, 0x000000008f500000|  0%| F|  |TAMS 0x000000008f400000, 0x000000008f400000| Untracked 
|  79|0x000000008f500000, 0x000000008f500000, 0x000000008f600000|  0%| F|  |TAMS 0x000000008f500000, 0x000000008f500000| Untracked 
|  80|0x000000008f600000, 0x000000008f600000, 0x000000008f700000|  0%| F|  |TAMS 0x000000008f600000, 0x000000008f600000| Untracked 
|  81|0x000000008f700000, 0x000000008f700000, 0x000000008f800000|  0%| F|  |TAMS 0x000000008f700000, 0x000000008f700000| Untracked 
|  82|0x000000008f800000, 0x000000008f800000, 0x000000008f900000|  0%| F|  |TAMS 0x000000008f800000, 0x000000008f800000| Untracked 
|  83|0x000000008f900000, 0x000000008f900000, 0x000000008fa00000|  0%| F|  |TAMS 0x000000008f900000, 0x000000008f900000| Untracked 
|  84|0x000000008fa00000, 0x000000008fa00000, 0x000000008fb00000|  0%| F|  |TAMS 0x000000008fa00000, 0x000000008fa00000| Untracked 
|  85|0x000000008fb00000, 0x000000008fb00000, 0x000000008fc00000|  0%| F|  |TAMS 0x000000008fb00000, 0x000000008fb00000| Untracked 
|  86|0x000000008fc00000, 0x000000008fc00000, 0x000000008fd00000|  0%| F|  |TAMS 0x000000008fc00000, 0x000000008fc00000| Untracked 
|  87|0x000000008fd00000, 0x000000008fd00000, 0x000000008fe00000|  0%| F|  |TAMS 0x000000008fd00000, 0x000000008fd00000| Untracked 
|  88|0x000000008fe00000, 0x000000008fe00000, 0x000000008ff00000|  0%| F|  |TAMS 0x000000008fe00000, 0x000000008fe00000| Untracked 
|  89|0x000000008ff00000, 0x000000008ff00000, 0x0000000090000000|  0%| F|  |TAMS 0x000000008ff00000, 0x000000008ff00000| Untracked 
|  90|0x0000000090000000, 0x0000000090000000, 0x0000000090100000|  0%| F|  |TAMS 0x0000000090000000, 0x0000000090000000| Untracked 
|  91|0x0000000090100000, 0x0000000090100000, 0x0000000090200000|  0%| F|  |TAMS 0x0000000090100000, 0x0000000090100000| Untracked 
|  92|0x0000000090200000, 0x0000000090200000, 0x0000000090300000|  0%| F|  |TAMS 0x0000000090200000, 0x0000000090200000| Untracked 
|  93|0x0000000090300000, 0x0000000090300000, 0x0000000090400000|  0%| F|  |TAMS 0x0000000090300000, 0x0000000090300000| Untracked 
|  94|0x0000000090400000, 0x0000000090400000, 0x0000000090500000|  0%| F|  |TAMS 0x0000000090400000, 0x0000000090400000| Untracked 
|  95|0x0000000090500000, 0x0000000090500000, 0x0000000090600000|  0%| F|  |TAMS 0x0000000090500000, 0x0000000090500000| Untracked 
|  96|0x0000000090600000, 0x0000000090600000, 0x0000000090700000|  0%| F|  |TAMS 0x0000000090600000, 0x0000000090600000| Untracked 
|  97|0x0000000090700000, 0x0000000090700000, 0x0000000090800000|  0%| F|  |TAMS 0x0000000090700000, 0x0000000090700000| Untracked 
|  98|0x0000000090800000, 0x0000000090800000, 0x0000000090900000|  0%| F|  |TAMS 0x0000000090800000, 0x0000000090800000| Untracked 
|  99|0x0000000090900000, 0x0000000090900000, 0x0000000090a00000|  0%| F|  |TAMS 0x0000000090900000, 0x0000000090900000| Untracked 
| 100|0x0000000090a00000, 0x0000000090a00000, 0x0000000090b00000|  0%| F|  |TAMS 0x0000000090a00000, 0x0000000090a00000| Untracked 
| 101|0x0000000090b00000, 0x0000000090b00000, 0x0000000090c00000|  0%| F|  |TAMS 0x0000000090b00000, 0x0000000090b00000| Untracked 
| 102|0x0000000090c00000, 0x0000000090c00000, 0x0000000090d00000|  0%| F|  |TAMS 0x0000000090c00000, 0x0000000090c00000| Untracked 
| 103|0x0000000090d00000, 0x0000000090d00000, 0x0000000090e00000|  0%| F|  |TAMS 0x0000000090d00000, 0x0000000090d00000| Untracked 
| 104|0x0000000090e00000, 0x0000000090e00000, 0x0000000090f00000|  0%| F|  |TAMS 0x0000000090e00000, 0x0000000090e00000| Untracked 
| 105|0x0000000090f00000, 0x0000000090f00000, 0x0000000091000000|  0%| F|  |TAMS 0x0000000090f00000, 0x0000000090f00000| Untracked 
| 106|0x0000000091000000, 0x0000000091076440, 0x0000000091100000| 46%| E|  |TAMS 0x0000000091000000, 0x0000000091000000| Complete 
| 107|0x0000000091100000, 0x0000000091200000, 0x0000000091200000|100%| E|CS|TAMS 0x0000000091100000, 0x0000000091100000| Complete 
| 108|0x0000000091200000, 0x0000000091300000, 0x0000000091300000|100%| E|CS|TAMS 0x0000000091200000, 0x0000000091200000| Complete 
| 109|0x0000000091300000, 0x0000000091400000, 0x0000000091400000|100%| E|CS|TAMS 0x0000000091300000, 0x0000000091300000| Complete 
| 110|0x0000000091400000, 0x0000000091500000, 0x0000000091500000|100%| E|CS|TAMS 0x0000000091400000, 0x0000000091400000| Complete 
| 111|0x0000000091500000, 0x0000000091600000, 0x0000000091600000|100%| E|CS|TAMS 0x0000000091500000, 0x0000000091500000| Complete 
| 112|0x0000000091600000, 0x0000000091700000, 0x0000000091700000|100%| E|CS|TAMS 0x0000000091600000, 0x0000000091600000| Complete 
| 113|0x0000000091700000, 0x0000000091800000, 0x0000000091800000|100%| E|CS|TAMS 0x0000000091700000, 0x0000000091700000| Complete 
| 114|0x0000000091800000, 0x0000000091900000, 0x0000000091900000|100%| E|CS|TAMS 0x0000000091800000, 0x0000000091800000| Complete 
| 115|0x0000000091900000, 0x0000000091a00000, 0x0000000091a00000|100%| E|CS|TAMS 0x0000000091900000, 0x0000000091900000| Complete 
| 116|0x0000000091a00000, 0x0000000091b00000, 0x0000000091b00000|100%| E|CS|TAMS 0x0000000091a00000, 0x0000000091a00000| Complete 
| 117|0x0000000091b00000, 0x0000000091c00000, 0x0000000091c00000|100%| E|CS|TAMS 0x0000000091b00000, 0x0000000091b00000| Complete 

Card table byte_map: [0x0000013571c80000,0x0000013572030000] _byte_map_base: 0x000001357182d000

Marking Bits (Prev, Next): (CMBitMap*) 0x0000013569473ed0, (CMBitMap*) 0x0000013569473f10
 Prev Bits: [0x00000135723e0000, 0x0000013574148000)
 Next Bits: [0x0000013574150000, 0x0000013575eb8000)

Polling page: 0x0000013567400000

Metaspace:

Usage:
  Non-class:      7.34 MB used.
      Class:    938.26 KB used.
       Both:      8.26 MB used.

Virtual space:
  Non-class space:       64.00 MB reserved,       7.44 MB ( 12%) committed,  1 nodes.
      Class space:        1.00 GB reserved,       1.00 MB ( <1%) committed,  1 nodes.
             Both:        1.06 GB reserved,       8.44 MB ( <1%) committed. 

Chunk freelists:
   Non-Class:  490.00 KB
       Class:  3.01 MB
        Both:  3.49 MB

MaxMetaspaceSize: unlimited
CompressedClassSpaceSize: 1.00 GB
Initial GC threshold: 21.00 MB
Current GC threshold: 21.00 MB
CDS: on
MetaspaceReclaimPolicy: balanced
 - commit_granule_bytes: 65536.
 - commit_granule_words: 8192.
 - virtual_space_node_default_size: 8388608.
 - enlarge_chunks_in_place: 1.
 - new_chunks_are_fully_committed: 0.
 - uncommit_free_chunks: 1.
 - use_allocation_guard: 0.


Internal statistics:

num_allocs_failed_limit: 0.
num_arena_births: 158.
num_arena_deaths: 0.
num_vsnodes_births: 2.
num_vsnodes_deaths: 0.
num_space_committed: 135.
num_space_uncommitted: 0.
num_chunks_returned_to_freelist: 0.
num_chunks_taken_from_freelist: 175.
num_chunk_merges: 0.
num_chunk_splits: 117.
num_chunks_enlarged: 76.
num_inconsistent_stats: 0.

CodeHeap 'non-profiled nmethods': size=120000Kb used=358Kb max_used=358Kb free=119641Kb
 bounds [0x0000013507ad0000, 0x0000013507d40000, 0x000001350f000000]
CodeHeap 'profiled nmethods': size=120000Kb used=1717Kb max_used=1717Kb free=118283Kb
 bounds [0x0000013500000000, 0x0000013500270000, 0x0000013507530000]
CodeHeap 'non-nmethods': size=5760Kb used=1387Kb max_used=1402Kb free=4372Kb
 bounds [0x0000013507530000, 0x00000135077a0000, 0x0000013507ad0000]
 total_blobs=1763 nmethods=1124 adapters=550
 compilation: enabled
              stopped_count=0, restarted_count=0
 full_count=0

Compilation events (20 events):
Event: 466.644 Thread 0x0000013578b290b0 nmethod 1115 0x0000013507b26810 code [0x0000013507b269a0, 0x0000013507b26df8]
Event: 480.510 Thread 0x0000013578b290b0 1116       4       java.util.Arrays::copyOf (40 bytes)
Event: 480.514 Thread 0x0000013578b290b0 nmethod 1116 0x0000013507b27090 code [0x0000013507b27220, 0x0000013507b276d8]
Event: 507.783 Thread 0x0000013578b290b0 1117   !   4       jdk.internal.misc.Blocker::begin (97 bytes)
Event: 507.784 Thread 0x0000013578b290b0 nmethod 1117 0x0000013507b27910 code [0x0000013507b27aa0, 0x0000013507b27b58]
Event: 508.438 Thread 0x0000013578b290b0 1118       4       jdk.internal.misc.Blocker::end (71 bytes)
Event: 508.439 Thread 0x0000013578b290b0 nmethod 1118 0x0000013507b27c90 code [0x0000013507b27e00, 0x0000013507b27e78]
Event: 546.702 Thread 0x0000013578b290b0 1119   !   4       java.lang.Object::wait (50 bytes)
Event: 546.704 Thread 0x0000013578b290b0 nmethod 1119 0x0000013507b27f90 code [0x0000013507b28140, 0x0000013507b28278]
Event: 573.072 Thread 0x0000013578b290b0 1120       4       java.util.ArrayList::toArray (57 bytes)
Event: 573.074 Thread 0x0000013578b290b0 nmethod 1120 0x0000013507b28490 code [0x0000013507b28620, 0x0000013507b28978]
Event: 576.335 Thread 0x0000013578b290b0 1121       4       sun.java2d.StateTrackableDelegate$1::isCurrent (17 bytes)
Event: 576.336 Thread 0x0000013578b290b0 nmethod 1121 0x0000013507b28b10 code [0x0000013507b28ca0, 0x0000013507b28d58]
Event: 576.882 Thread 0x0000013578b290b0 1122       4       sun.java2d.d3d.D3DSurfaceData$D3DWindowSurfaceData::isDirty (18 bytes)
Event: 576.883 Thread 0x0000013578b290b0 nmethod 1122 0x0000013507b28e10 code [0x0000013507b28fa0, 0x0000013507b29078]
Event: 587.045 Thread 0x0000013578b290b0 1123       4       java.util.ArrayList::toArray (57 bytes)
Event: 587.048 Thread 0x0000013578b290b0 nmethod 1123 0x0000013507b29190 code [0x0000013507b29320, 0x0000013507b29778]
Event: 596.614 Thread 0x0000013578b290b0 1124       4       jdk.internal.org.objectweb.asm.SymbolTable::put (150 bytes)
Event: 596.614 Thread 0x0000013578b34880 1125       3       java.lang.invoke.MethodHandle::keepsAlive (20 bytes)
Event: 596.615 Thread 0x0000013578b34880 nmethod 1125 0x00000135001ac410 code [0x00000135001ac660, 0x00000135001ad0e8]

GC Heap History (0 events):
No events

Dll operation events (9 events):
Event: 0.015 Loaded shared library C:\Program Files\Java\jdk-19\bin\java.dll
Event: 0.026 Loaded shared library C:\Program Files\Java\jdk-19\bin\jsvml.dll
Event: 0.080 Loaded shared library C:\Program Files\Java\jdk-19\bin\net.dll
Event: 0.083 Loaded shared library C:\Program Files\Java\jdk-19\bin\nio.dll
Event: 0.112 Loaded shared library C:\Program Files\Java\jdk-19\bin\jimage.dll
Event: 0.129 Loaded shared library C:\Program Files\Java\jdk-19\bin\awt.dll
Event: 0.422 Loaded shared library C:\Program Files\Java\jdk-19\bin\zip.dll
Event: 0.588 Loaded shared library C:\Program Files\Java\jdk-19\bin\freetype.dll
Event: 0.589 Loaded shared library C:\Program Files\Java\jdk-19\bin\fontmanager.dll

Deoptimization events (20 events):
Event: 0.825 Thread 0x0000013578b1dd30 Uncommon trap: trap_request=0xffffffc6 fr.pc=0x0000013507b0ff50 relative=0x00000000000002f0
Event: 0.825 Thread 0x0000013578b1dd30 Uncommon trap: reason=bimorphic_or_optimized_type_check action=maybe_recompile pc=0x0000013507b0ff50 method=java.util.HashMap.getNode(Ljava/lang/Object;)Ljava/util/HashMap$Node; @ 63 c2
Event: 0.825 Thread 0x0000013578b1dd30 DEOPT PACKING pc=0x0000013507b0ff50 sp=0x000000339e2fd4c0
Event: 0.825 Thread 0x0000013578b1dd30 DEOPT UNPACKING pc=0x0000013507596da3 sp=0x000000339e2fd428 mode 2
Event: 0.826 Thread 0x0000013578b1dd30 Uncommon trap: trap_request=0xffffffc6 fr.pc=0x0000013507b0ff50 relative=0x00000000000002f0
Event: 0.826 Thread 0x0000013578b1dd30 Uncommon trap: reason=bimorphic_or_optimized_type_check action=maybe_recompile pc=0x0000013507b0ff50 method=java.util.HashMap.getNode(Ljava/lang/Object;)Ljava/util/HashMap$Node; @ 63 c2
Event: 0.826 Thread 0x0000013578b1dd30 DEOPT PACKING pc=0x0000013507b0ff50 sp=0x000000339e2fd5d0
Event: 0.826 Thread 0x0000013578b1dd30 DEOPT UNPACKING pc=0x0000013507596da3 sp=0x000000339e2fd538 mode 2
Event: 0.826 Thread 0x0000013578b1dd30 Uncommon trap: trap_request=0xffffffc6 fr.pc=0x0000013507b0ff50 relative=0x00000000000002f0
Event: 0.826 Thread 0x0000013578b1dd30 Uncommon trap: reason=bimorphic_or_optimized_type_check action=maybe_recompile pc=0x0000013507b0ff50 method=java.util.HashMap.getNode(Ljava/lang/Object;)Ljava/util/HashMap$Node; @ 63 c2
Event: 0.826 Thread 0x0000013578b1dd30 DEOPT PACKING pc=0x0000013507b0ff50 sp=0x000000339e2fd4c0
Event: 0.826 Thread 0x0000013578b1dd30 DEOPT UNPACKING pc=0x0000013507596da3 sp=0x000000339e2fd428 mode 2
Event: 466.753 Thread 0x000001350f4bc2f0 Uncommon trap: trap_request=0xffffffcc fr.pc=0x0000013507b26be0 relative=0x0000000000000240
Event: 466.753 Thread 0x000001350f4bc2f0 Uncommon trap: reason=intrinsic_or_type_checked_inlining action=make_not_entrant pc=0x0000013507b26be0 method=java.util.Arrays.copyOf([Ljava/lang/Object;ILjava/lang/Class;)[Ljava/lang/Object; @ 35 c2
Event: 466.753 Thread 0x000001350f4bc2f0 DEOPT PACKING pc=0x0000013507b26be0 sp=0x000000339e1ff070
Event: 466.753 Thread 0x000001350f4bc2f0 DEOPT UNPACKING pc=0x0000013507596da3 sp=0x000000339e1ff000 mode 2
Event: 573.181 Thread 0x000001350f4bc2f0 Uncommon trap: trap_request=0xffffffdc fr.pc=0x0000013507b287ac relative=0x000000000000018c
Event: 573.181 Thread 0x000001350f4bc2f0 Uncommon trap: reason=class_check action=make_not_entrant pc=0x0000013507b287ac method=java.util.ArrayList.toArray([Ljava/lang/Object;)[Ljava/lang/Object; @ 21 c2
Event: 573.181 Thread 0x000001350f4bc2f0 DEOPT PACKING pc=0x0000013507b287ac sp=0x000000339e1ff0d0
Event: 573.181 Thread 0x000001350f4bc2f0 DEOPT UNPACKING pc=0x0000013507596da3 sp=0x000000339e1ff090 mode 2

Classes loaded (20 events):
Event: 1.760 Loading class java/awt/event/ContainerEvent
Event: 1.760 Loading class java/awt/event/ContainerEvent done
Event: 2.143 Loading class sun/awt/im/CompositionAreaHandler
Event: 2.143 Loading class sun/awt/im/CompositionAreaHandler done
Event: 2.143 Loading class java/text/AttributedString
Event: 2.144 Loading class java/text/AttributedString done
Event: 2.144 Loading class java/text/AttributedString$AttributedStringIterator
Event: 2.144 Loading class java/text/AttributedCharacterIterator
Event: 2.144 Loading class java/text/AttributedCharacterIterator done
Event: 2.144 Loading class java/text/AttributedString$AttributedStringIterator done
Event: 4.887 Loading class java/awt/LightweightDispatcher$2
Event: 4.887 Loading class java/awt/LightweightDispatcher$2 done
Event: 5.892 Loading class java/awt/KeyboardFocusManager$2
Event: 5.892 Loading class java/awt/KeyboardFocusManager$2 done
Event: 5.892 Loading class sun/awt/SunToolkit$1
Event: 5.892 Loading class sun/awt/SunToolkit$1 done
Event: 596.615 Loading class java/util/WeakHashMap$KeyIterator
Event: 596.615 Loading class java/util/WeakHashMap$HashIterator
Event: 596.616 Loading class java/util/WeakHashMap$HashIterator done
Event: 596.616 Loading class java/util/WeakHashMap$KeyIterator done

Classes unloaded (0 events):
No events

Classes redefined (0 events):
No events

Internal exceptions (19 events):
Event: 0.084 Thread 0x0000013569417800 Exception <a 'sun/nio/fs/WindowsException'{0x0000000091a44ff8}> (0x0000000091a44ff8) 
thrown [s\open\src\hotspot\share\prims\jni.cpp, line 517]
Event: 0.084 Thread 0x0000013569417800 Exception <a 'sun/nio/fs/WindowsException'{0x0000000091a45510}> (0x0000000091a45510) 
thrown [s\open\src\hotspot\share\prims\jni.cpp, line 517]
Event: 0.086 Thread 0x0000013569417800 Exception <a 'sun/nio/fs/WindowsException'{0x0000000091a47758}> (0x0000000091a47758) 
thrown [s\open\src\hotspot\share\prims\jni.cpp, line 517]
Event: 0.086 Thread 0x0000013569417800 Exception <a 'sun/nio/fs/WindowsException'{0x0000000091a48198}> (0x0000000091a48198) 
thrown [s\open\src\hotspot\share\prims\jni.cpp, line 517]
Event: 0.118 Thread 0x0000013569417800 Exception <a 'java/lang/ClassNotFoundException'{0x0000000091971970}: sun/awt/resources/spi/awtProvider> (0x0000000091971970) 
thrown [s\open\src\hotspot\share\classfile\systemDictionary.cpp, line 255]
Event: 0.142 Thread 0x0000013569417800 Exception <a 'java/io/FileNotFoundException'{0x00000000919c9168}> (0x00000000919c9168) 
thrown [s\open\src\hotspot\share\prims\jni.cpp, line 517]
Event: 0.149 Thread 0x0000013569417800 Exception <a 'java/io/FileNotFoundException'{0x00000000919f5920}> (0x00000000919f5920) 
thrown [s\open\src\hotspot\share\prims\jni.cpp, line 517]
Event: 0.194 Thread 0x0000013569417800 Exception <a 'java/lang/NoSuchMethodError'{0x000000009183a9d8}: 'java.lang.Object java.lang.invoke.DirectMethodHandle$Holder.invokeStaticInit(java.lang.Object)'> (0x000000009183a9d8) 
thrown [s\open\src\hotspot\share\interpreter\linkResolver.cpp, line 774]
Event: 0.305 Thread 0x0000013569417800 Exception <a 'java/lang/NoSuchMethodError'{0x000000009171a098}: 'void java.lang.invoke.DirectMethodHandle$Holder.invokeSpecial(java.lang.Object, java.lang.Object, java.lang.Object)'> (0x000000009171a098) 
thrown [s\open\src\hotspot\share\interpreter\linkResolver.cpp, line 774]
Event: 0.314 Thread 0x0000013569417800 Exception <a 'java/lang/NoSuchMethodError'{0x0000000091744b60}: 'java.lang.Object java.lang.invoke.DirectMethodHandle$Holder.newInvokeSpecial(java.lang.Object, java.lang.Object, java.lang.Object, java.lang.Object, java.lang.Object)'> (0x0000000091744b60) 
thrown [s\open\src\hotspot\share\interpreter\linkResolver.cpp, line 774]
Event: 0.322 Thread 0x0000013569417800 Exception <a 'java/lang/NoSuchMethodError'{0x00000000917764c8}: 'java.lang.Object java.lang.invoke.DirectMethodHandle$Holder.invokeStatic(java.lang.Object, int, java.lang.Object)'> (0x00000000917764c8) 
thrown [s\open\src\hotspot\share\interpreter\linkResolver.cpp, line 774]
Event: 0.352 Thread 0x0000013569417800 Exception <a 'java/lang/ClassNotFoundException'{0x0000000091631e50}: com/sun/swing/internal/plaf/metal/resources/spi/metalProvider> (0x0000000091631e50) 
thrown [s\open\src\hotspot\share\classfile\systemDictionary.cpp, line 255]
Event: 0.353 Thread 0x0000013569417800 Exception <a 'java/lang/ClassNotFoundException'{0x0000000091635e20}: com/sun/swing/internal/plaf/basic/resources/spi/basicProvider> (0x0000000091635e20) 
thrown [s\open\src\hotspot\share\classfile\systemDictionary.cpp, line 255]
Event: 0.362 Thread 0x0000013569417800 Exception <a 'java/lang/NoSuchMethodError'{0x0000000091655ae0}: 'int java.lang.invoke.Invokers$Holder.invokeExact_MT(java.lang.Object, java.lang.Object)'> (0x0000000091655ae0) 
thrown [s\open\src\hotspot\share\interpreter\linkResolver.cpp, line 774]
Event: 0.365 Thread 0x0000013569417800 Exception <a 'java/lang/NoSuchMethodError'{0x000000009165c360}: 'void java.lang.invoke.DirectMethodHandle$Holder.invokeStatic(java.lang.Object, java.lang.Object, java.lang.Object)'> (0x000000009165c360) 
thrown [s\open\src\hotspot\share\interpreter\linkResolver.cpp, line 774]
Event: 0.366 Thread 0x0000013569417800 Exception <a 'java/lang/NoSuchMethodError'{0x00000000916627c0}: 'void java.lang.invoke.DirectMethodHandle$Holder.invokeStatic(java.lang.Object, java.lang.Object)'> (0x00000000916627c0) 
thrown [s\open\src\hotspot\share\interpreter\linkResolver.cpp, line 774]
Event: 0.475 Thread 0x0000013578b1ad60 Exception <a 'java/lang/NoSuchMethodError'{0x0000000091488a28}: 'java.lang.Object java.lang.invoke.DirectMethodHandle$Holder.newInvokeSpecial(java.lang.Object, java.lang.Object, java.lang.Object, int, int, int, int, int)'> (0x0000000091488a28) 
thrown [s\open\src\hotspot\share\interpreter\linkResolver.cpp, line 774]
Event: 0.565 Thread 0x0000013578b1d290 Exception <a 'java/lang/NoSuchMethodError'{0x00000000918fbf58}: 'void java.lang.invoke.DirectMethodHandle$Holder.invokeVirtual(java.lang.Object, java.lang.Object)'> (0x00000000918fbf58) 
thrown [s\open\src\hotspot\share\interpreter\linkResolver.cpp, line 774]
Event: 0.583 Thread 0x0000013569417800 Exception <a 'java/lang/NoSuchMethodError'{0x00000000916bae08}: 'void java.lang.invoke.DirectMethodHandle$Holder.invokeStaticInit(java.lang.Object)'> (0x00000000916bae08) 
thrown [s\open\src\hotspot\share\interpreter\linkResolver.cpp, line 774]

VM Operations (20 events):
Event: 0.459 Executing VM operation: HandshakeAllThreads
Event: 0.459 Executing VM operation: HandshakeAllThreads done
Event: 0.510 Executing VM operation: HandshakeAllThreads
Event: 0.510 Executing VM operation: HandshakeAllThreads done
Event: 0.624 Executing VM operation: HandshakeAllThreads
Event: 0.624 Executing VM operation: HandshakeAllThreads done
Event: 0.860 Executing VM operation: HandshakeAllThreads
Event: 0.860 Executing VM operation: HandshakeAllThreads done
Event: 0.863 Executing VM operation: HandshakeAllThreads
Event: 0.863 Executing VM operation: HandshakeAllThreads done
Event: 1.870 Executing VM operation: Cleanup
Event: 1.871 Executing VM operation: Cleanup done
Event: 2.881 Executing VM operation: Cleanup
Event: 2.881 Executing VM operation: Cleanup done
Event: 3.895 Executing VM operation: Cleanup
Event: 3.895 Executing VM operation: Cleanup done
Event: 4.900 Executing VM operation: Cleanup
Event: 4.900 Executing VM operation: Cleanup done
Event: 577.054 Executing VM operation: Cleanup
Event: 577.054 Executing VM operation: Cleanup done

Events (20 events):
Event: 0.043 Thread 0x0000013578b17b20 Thread added: 0x0000013578b17b20
Event: 0.043 Thread 0x0000013578b1b800 Thread added: 0x0000013578b1b800
Event: 0.043 Thread 0x0000013578b1bd50 Thread added: 0x0000013578b1bd50
Event: 0.043 Thread 0x0000013578b1d7e0 Thread added: 0x0000013578b1d7e0
Event: 0.043 Thread 0x0000013578b290b0 Thread added: 0x0000013578b290b0
Event: 0.043 Thread 0x0000013578b34880 Thread added: 0x0000013578b34880
Event: 0.044 Thread 0x0000013578b1a810 Thread added: 0x0000013578b1a810
Event: 0.066 Thread 0x0000013578b1b2b0 Thread added: 0x0000013578b1b2b0
Event: 0.098 Thread 0x0000013578b1c2a0 Thread added: 0x0000013578b1c2a0
Event: 0.195 Thread 0x0000013578b1c7f0 Thread added: 0x0000013578b1c7f0
Event: 0.195 Thread 0x0000013578b1cd40 Thread added: 0x0000013578b1cd40
Event: 0.197 Thread 0x0000013578b1d290 Thread added: 0x0000013578b1d290
Event: 0.402 Thread 0x0000013578b1ad60 Thread added: 0x0000013578b1ad60
Event: 0.447 Thread 0x0000013578b337d0 Thread added: 0x0000013578b337d0
Event: 0.564 Thread 0x0000013578b1dd30 Thread added: 0x0000013578b1dd30
Event: 0.775 Thread 0x0000013578b337d0 Thread exited: 0x0000013578b337d0
Event: 0.776 Thread 0x0000013569417800 Thread exited: 0x0000013569417800
Event: 0.776 Thread 0x000001350f4bb850 Thread added: 0x000001350f4bb850
Event: 0.781 Thread 0x000001350f4bc2f0 Thread added: 0x000001350f4bc2f0
Event: 5.559 Thread 0x0000013578b1ad60 Thread exited: 0x0000013578b1ad60


Dynamic libraries:
0x00007ff6350f0000 - 0x00007ff635100000 	C:\Program Files\Java\jdk-19\bin\java.exe
0x00007ffe7bdd0000 - 0x00007ffe7bfe4000 	C:\WINDOWS\SYSTEM32\ntdll.dll
0x00007ffe7a8a0000 - 0x00007ffe7a962000 	C:\WINDOWS\System32\KERNEL32.DLL
0x00007ffe79230000 - 0x00007ffe795cd000 	C:\WINDOWS\System32\KERNELBASE.dll
0x00007ffe79ab0000 - 0x00007ffe79bc1000 	C:\WINDOWS\System32\ucrtbase.dll
0x00007ffe5f730000 - 0x00007ffe5f74b000 	C:\Program Files\Java\jdk-19\bin\VCRUNTIME140.dll
0x00007ffe5b770000 - 0x00007ffe5b788000 	C:\Program Files\Java\jdk-19\bin\jli.dll
0x00007ffe7ab90000 - 0x00007ffe7ac3e000 	C:\WINDOWS\System32\ADVAPI32.dll
0x00007ffe7a470000 - 0x00007ffe7a517000 	C:\WINDOWS\System32\msvcrt.dll
0x00007ffe7a6c0000 - 0x00007ffe7a764000 	C:\WINDOWS\System32\sechost.dll
0x00007ffe79dd0000 - 0x00007ffe79ee5000 	C:\WINDOWS\System32\RPCRT4.dll
0x00007ffe7b920000 - 0x00007ffe7baca000 	C:\WINDOWS\System32\USER32.dll
0x00007ffe79200000 - 0x00007ffe79226000 	C:\WINDOWS\System32\win32u.dll
0x00007ffe5d5f0000 - 0x00007ffe5d87e000 	C:\WINDOWS\WinSxS\amd64_microsoft.windows.common-controls_6595b64144ccf1df_6.0.22621.608_none_a9444ca7c10bb01d\COMCTL32.dll
0x00007ffe7aa60000 - 0x00007ffe7aa89000 	C:\WINDOWS\System32\GDI32.dll
0x00007ffe79990000 - 0x00007ffe79aa2000 	C:\WINDOWS\System32\gdi32full.dll
0x00007ffe795d0000 - 0x00007ffe7966a000 	C:\WINDOWS\System32\msvcp_win.dll
0x00007ffe72ac0000 - 0x00007ffe72aca000 	C:\WINDOWS\SYSTEM32\VERSION.dll
0x00007ffe7a430000 - 0x00007ffe7a462000 	C:\WINDOWS\System32\IMM32.DLL
0x00007ffe6fe40000 - 0x00007ffe6fe4c000 	C:\Program Files\Java\jdk-19\bin\vcruntime140_1.dll
0x00007ffe33020000 - 0x00007ffe330ae000 	C:\Program Files\Java\jdk-19\bin\msvcp140.dll
0x00007ffdf3d00000 - 0x00007ffdf49c0000 	C:\Program Files\Java\jdk-19\bin\server\jvm.dll
0x00007ffe72a80000 - 0x00007ffe72ab4000 	C:\WINDOWS\SYSTEM32\WINMM.dll
0x00007ffe702f0000 - 0x00007ffe702f9000 	C:\WINDOWS\SYSTEM32\WSOCK32.dll
0x00007ffe7a7c0000 - 0x00007ffe7a831000 	C:\WINDOWS\System32\WS2_32.dll
0x00007ffe78230000 - 0x00007ffe78248000 	C:\WINDOWS\SYSTEM32\kernel.appcore.dll
0x00007ffe6e640000 - 0x00007ffe6e64a000 	C:\Program Files\Java\jdk-19\bin\jimage.dll
0x00007ffe707c0000 - 0x00007ffe709ee000 	C:\WINDOWS\SYSTEM32\DBGHELP.DLL
0x00007ffe7b430000 - 0x00007ffe7b7ba000 	C:\WINDOWS\System32\combase.dll
0x00007ffe7a970000 - 0x00007ffe7aa47000 	C:\WINDOWS\System32\OLEAUT32.dll
0x00007ffe70780000 - 0x00007ffe707b2000 	C:\WINDOWS\SYSTEM32\dbgcore.DLL
0x00007ffe79910000 - 0x00007ffe7998b000 	C:\WINDOWS\System32\bcryptPrimitives.dll
0x00007ffe5b700000 - 0x00007ffe5b726000 	C:\Program Files\Java\jdk-19\bin\java.dll
0x00007ffe302b0000 - 0x00007ffe30387000 	C:\Program Files\Java\jdk-19\bin\jsvml.dll
0x00007ffe7ac50000 - 0x00007ffe7b430000 	C:\WINDOWS\System32\SHELL32.dll
0x00007ffe771f0000 - 0x00007ffe77ab5000 	C:\WINDOWS\SYSTEM32\windows.storage.dll
0x00007ffe770b0000 - 0x00007ffe771ee000 	C:\WINDOWS\SYSTEM32\wintypes.dll
0x00007ffe7aa90000 - 0x00007ffe7ab81000 	C:\WINDOWS\System32\SHCORE.dll
0x00007ffe7a840000 - 0x00007ffe7a89e000 	C:\WINDOWS\System32\shlwapi.dll
0x00007ffe79130000 - 0x00007ffe79151000 	C:\WINDOWS\SYSTEM32\profapi.dll
0x00007ffe5b6e0000 - 0x00007ffe5b6f3000 	C:\Program Files\Java\jdk-19\bin\net.dll
0x00007ffe6fa10000 - 0x00007ffe6fb3f000 	C:\WINDOWS\SYSTEM32\WINHTTP.dll
0x00007ffe78690000 - 0x00007ffe786f9000 	C:\WINDOWS\system32\mswsock.dll
0x00007ffe5b6c0000 - 0x00007ffe5b6d6000 	C:\Program Files\Java\jdk-19\bin\nio.dll
0x00007ffe30000000 - 0x00007ffe30191000 	C:\Program Files\Java\jdk-19\bin\awt.dll
0x00007ffe76050000 - 0x00007ffe760e7000 	C:\WINDOWS\SYSTEM32\apphelp.dll
0x00007ffe76dd0000 - 0x00007ffe76dfb000 	C:\WINDOWS\system32\DWMAPI.DLL
0x00007ffe76ba0000 - 0x00007ffe76c4b000 	C:\WINDOWS\system32\uxtheme.dll
0x00007ffe0d630000 - 0x00007ffe0d730000 	C:\WINDOWS\system32\opengl32.dll
0x00007ffe0cee0000 - 0x00007ffe0cf0d000 	C:\WINDOWS\SYSTEM32\GLU32.dll
0x00007ffe76c80000 - 0x00007ffe76cb6000 	C:\WINDOWS\SYSTEM32\dxcore.dll
0x00007ffe79bd0000 - 0x00007ffe79cee000 	C:\WINDOWS\System32\MSCTF.dll
0x00007ffe7a520000 - 0x00007ffe7a6bc000 	C:\WINDOWS\System32\ole32.dll
0x00007ffe4ea30000 - 0x00007ffe4ebd9000 	C:\WINDOWS\system32\d3d9.dll
0x00007ffe72ad0000 - 0x00007ffe72c88000 	C:\WINDOWS\System32\DriverStore\FileRepository\u0373636.inf_amd64_8975734656dd6200\B373113\aticfx64.dll
0x00007ffe5f790000 - 0x00007ffe5f7c4000 	C:\WINDOWS\System32\DriverStore\FileRepository\u0373636.inf_amd64_8975734656dd6200\B373113\atiu9p64.dll
0x00007ffe18180000 - 0x00007ffe18ed4000 	C:\WINDOWS\System32\DriverStore\FileRepository\u0373636.inf_amd64_8975734656dd6200\B373113\atiumd64.dll
0x0000000057ce0000 - 0x0000000058b55000 	C:\WINDOWS\System32\DriverStore\FileRepository\u0373636.inf_amd64_8975734656dd6200\B373113\atiumd6a.dll
0x00007ffe79f80000 - 0x00007ffe7a3fa000 	C:\WINDOWS\System32\SETUPAPI.dll
0x00007ffe790d0000 - 0x00007ffe7911d000 	C:\WINDOWS\SYSTEM32\POWRPROF.dll
0x00007ffe790b0000 - 0x00007ffe790c3000 	C:\WINDOWS\SYSTEM32\UMPDC.dll
0x00007ffe70ad0000 - 0x00007ffe70b00000 	C:\WINDOWS\SYSTEM32\amdihk64.dll
0x00007ffe760f0000 - 0x00007ffe76139000 	C:\WINDOWS\SYSTEM32\directxdatabasehelper.dll
0x00007ffe5b6a0000 - 0x00007ffe5b6b8000 	C:\Program Files\Java\jdk-19\bin\zip.dll
0x00007ffe2ff70000 - 0x00007ffe2fff6000 	C:\Program Files\Java\jdk-19\bin\freetype.dll
0x00007ffe0ac90000 - 0x00007ffe0ad55000 	C:\Program Files\Java\jdk-19\bin\fontmanager.dll
0x00007ffe79d10000 - 0x00007ffe79dc7000 	C:\WINDOWS\System32\clbcatq.dll
0x00007ffe76730000 - 0x00007ffe768e0000 	C:\WINDOWS\SYSTEM32\WindowsCodecs.dll
0x00007ffe55da0000 - 0x00007ffe55dfe000 	C:\WINDOWS\system32\dataexchange.dll
0x00007ffe73540000 - 0x00007ffe737aa000 	C:\WINDOWS\system32\twinapi.appcore.dll
0x00007ffe5de20000 - 0x00007ffe5df4d000 	C:\WINDOWS\SYSTEM32\textinputframework.dll
0x00007ffe764d0000 - 0x00007ffe76603000 	C:\WINDOWS\SYSTEM32\CoreMessaging.dll
0x00007ffe742f0000 - 0x00007ffe7465c000 	C:\WINDOWS\SYSTEM32\CoreUIComponents.dll
0x00007ffe788b0000 - 0x00007ffe788bc000 	C:\WINDOWS\SYSTEM32\CRYPTBASE.DLL

dbghelp: loaded successfully - version: 4.0.5 - missing functions: none
symbol engine: initialized successfully - sym options: 0x614 - pdb path: .;C:\Program Files\Java\jdk-19\bin;C:\WINDOWS\SYSTEM32;C:\WINDOWS\WinSxS\amd64_microsoft.windows.common-controls_6595b64144ccf1df_6.0.22621.608_none_a9444ca7c10bb01d;C:\Program Files\Java\jdk-19\bin\server;C:\WINDOWS\System32\DriverStore\FileRepository\u0373636.inf_amd64_8975734656dd6200\B373113

VM Arguments:
jvm_args: -Dfile.encoding=UTF-8 --module-path=D:\Java Practical 2.0\Electricity Billing System\build\classes 
java_command: electricity.billing.system.Signup
java_class_path (initial): D:\Java Practical 2.0\Electricity Billing System\build\classes
Launcher Type: SUN_STANDARD

[Global flags]
     intx CICompilerCount                          = 4                                         {product} {ergonomic}
     uint ConcGCThreads                            = 3                                         {product} {ergonomic}
     uint G1ConcRefinementThreads                  = 10                                        {product} {ergonomic}
   size_t G1HeapRegionSize                         = 1048576                                   {product} {ergonomic}
    uintx GCDrainStackTargetSize                   = 64                                        {product} {ergonomic}
   size_t InitialHeapSize                          = 123731968                                 {product} {ergonomic}
   size_t MarkStackSize                            = 4194304                                   {product} {ergonomic}
   size_t MaxHeapSize                              = 1973420032                                {product} {ergonomic}
   size_t MaxNewSize                               = 1183842304                                {product} {ergonomic}
   size_t MinHeapDeltaBytes                        = 1048576                                   {product} {ergonomic}
   size_t MinHeapSize                              = 8388608                                   {product} {ergonomic}
    uintx NonNMethodCodeHeapSize                   = 5839372                                {pd product} {ergonomic}
    uintx NonProfiledCodeHeapSize                  = 122909434                              {pd product} {ergonomic}
    uintx ProfiledCodeHeapSize                     = 122909434                              {pd product} {ergonomic}
    uintx ReservedCodeCacheSize                    = 251658240                              {pd product} {ergonomic}
     bool SegmentedCodeCache                       = true                                      {product} {ergonomic}
   size_t SoftMaxHeapSize                          = 1973420032                             {manageable} {ergonomic}
     bool UseCompressedClassPointers               = true                           {product lp64_product} {ergonomic}
     bool UseCompressedOops                        = true                           {product lp64_product} {ergonomic}
     bool UseG1GC                                  = true                                      {product} {ergonomic}
     bool UseLargePagesIndividualAllocation        = false                                  {pd product} {ergonomic}

Logging:
Log output configuration:
 #0: stdout all=warning uptime,level,tags foldmultilines=false
 #1: stderr all=off uptime,level,tags foldmultilines=false

Environment Variables:
PATH=C:\Program Files\Common Files\Oracle\Java\javapath;C:\Program Files (x86)\Common Files\Oracle\Java\javapath;C:\windows\system32;C:\windows;C:\windows\System32\Wbem;C:\windows\System32\WindowsPowerShell\v1.0\;C:\windows\System32\OpenSSH\;C:\Program Files (x86)\NVIDIA Corporation\PhysX\Common;C:\Program Files\NVIDIA Corporation\NVIDIA NvDLISR;C:\WINDOWS\system32;C:\WINDOWS;C:\WINDOWS\System32\Wbem;C:\WINDOWS\System32\WindowsPowerShell\v1.0\;C:\WINDOWS\System32\OpenSSH\;C:\Program Files (x86)\HP\Common\HPDestPlgIn\;C:\WINDOWS\system32;C:\WINDOWS;C:\WINDOWS\System32\Wbem;C:\WINDOWS\System32\WindowsPowerShell\v1.0\;C:\WINDOWS\System32\OpenSSH\;C:\Program Files\MySQL\MySQL Shell 8.0\bin\;C:\Program Files\Java\jdk1.8.0_202\bin;C:\Users\chede appliances\AppData\Local\Microsoft\WindowsApps;
USERNAME=Pratik Dhokne
OS=Windows_NT
PROCESSOR_IDENTIFIER=AMD64 Family 25 Model 80 Stepping 0, AuthenticAMD
TMP=C:\Users\chede appliances\AppData\Local\Temp
TEMP=C:\Users\chede appliances\AppData\Local\Temp



---------------  S Y S T E M  ---------------

OS:
 Windows 11 , 64 bit Build 22621 (10.0.22621.755)
OS uptime: 0 days 5:40 hours
Hyper-V role detected

CPU: total 12 (initial active 12) (12 cores per cpu, 2 threads per core) family 25 model 80 stepping 0 microcode 0x0, cx8, cmov, fxsr, ht, mmx, 3dnowpref, sse, sse2, sse3, ssse3, sse4a, sse4.1, sse4.2, popcnt, lzcnt, tsc, tscinvbit, avx, avx2, aes, erms, clmul, bmi1, bmi2, adx, sha, fma, vzeroupper, clflush, clflushopt, hv, rdtscp, rdpid, fsrm

Memory: 4k page, system-wide physical 7524M (669M free)
TotalPageFile size 31076M (AvailPageFile size 0M)
current process WorkingSet (physical memory assigned to process): 83M, peak: 85M
current process commit charge ("private bytes"): 247M, peak: 251M

vm_info: Java HotSpot(TM) 64-Bit Server VM (19.0.1+10-21) for windows-amd64 JRE (19.0.1+10-21), built on 2022-09-14T12:45:06Z by "mach5one" with MS VC++ 17.1 (VS2022)

END.
